<?xml version="1.0" encoding="UTF-8"?>
<testsuites name="JavaScriptTestSuite" time="20" tests="3" failures="0" errors="0">
   <testsuite name="JavaScriptTestSuite" tests="3" failures="0" errors="0" time="20" timestamp="2017-12-09 23:52:19" hostname="Rahul - Rahul-Dell-PC" id="Test Suites/JavaScriptTestSuite">
      <properties>
         <property name="deviceName" value=""/>
         <property name="devicePlatform" value=""/>
         <property name="logFolder" value="C:\\Users\\Rahul\\Desktop\\Katalon 5\\SeleniumAutomation\\Reports\\JavaScriptTestSuite\\20171209_235216"/>
         <property name="logFiles" value="C:\\Users\\Rahul\\Desktop\\Katalon 5\\SeleniumAutomation\\Reports\\JavaScriptTestSuite\\20171209_235216\\execution0.log"/>
         <property name="attachments" value="C:\\Users\\Rahul\\Desktop\\Katalon 5\\SeleniumAutomation\\Reports\\JavaScriptTestSuite\\20171209_235216\\1512843751019.png, C:\\Users\\Rahul\\Desktop\\Katalon 5\\SeleniumAutomation\\Reports\\JavaScriptTestSuite\\20171209_235216\\1512843754678.png, C:\\Users\\Rahul\\Desktop\\Katalon 5\\SeleniumAutomation\\Reports\\JavaScriptTestSuite\\20171209_235216\\1512843759594.png"/>
         <property name="hostName" value="Rahul - Rahul-Dell-PC"/>
         <property name="os" value="Windows 10 64bit"/>
         <property name="katalonVersion" value="5.2.0.1"/>
         <property name="browser" value="Chrome 63.0.3239.84"/>
         <property name="hostAddress" value="192.168.1.5"/>
         <property name="sessionId" value="ab6b753d6d35e54ab9babb9057338bbe"/>
         <property name="seleniumVersion" value="3.7.1"/>
         <property name="proxyInformation" value="ProxyInformation{proxyOption=NO_PROXY, proxyServerType=HTTP, password=, proxyServerAddress=, proxyServerPort=0}"/>
         <property name="platform" value="Windows 10"/>
      </properties>
      <testcase name="Test Cases/JavaScriptPopup/TC-HandlingJavaScriptAlertScriptMode" classname="Test Cases/JavaScriptPopup/TC-HandlingJavaScriptAlertScriptMode" status="PASSED">
         <system-out><![CDATA[2017-12-09 23:52:27 - [TEST_CASE][PASSED] - Test Cases/JavaScriptPopup/TC-HandlingJavaScriptAlertScriptMode: Taking screenshot successfully

2017-12-09 23:52:27 - [TEST_STEP][NOT_RUN] - openBrowser: NOT_RUN: openBrowser

2017-12-09 23:52:27 - [MESSAGE][NOT_RUN] - NOT_RUN: openBrowser

2017-12-09 23:52:27 - [TEST_STEP][NOT_RUN] - waitForPageLoad: NOT_RUN: waitForPageLoad

2017-12-09 23:52:27 - [MESSAGE][NOT_RUN] - NOT_RUN: waitForPageLoad

2017-12-09 23:52:27 - [TEST_STEP][NOT_RUN] - maximizeWindow: NOT_RUN: maximizeWindow

2017-12-09 23:52:27 - [MESSAGE][NOT_RUN] - NOT_RUN: maximizeWindow

2017-12-09 23:52:27 - [TEST_STEP][PASSED] - click: Object: 'Object Repository/W3School/TryItBtn' is clicked on

2017-12-09 23:52:27 - [MESSAGE][PASSED] - Object: 'Object Repository/W3School/TryItBtn' is clicked on

2017-12-09 23:52:27 - [TEST_STEP][PASSED] - delay: Delayed 2 second(s)

2017-12-09 23:52:29 - [MESSAGE][PASSED] - Delayed 2 second(s)

2017-12-09 23:52:29 - [TEST_STEP][PASSED] - switchToWindowIndex: Switched to window with index: '1'

2017-12-09 23:52:29 - [MESSAGE][PASSED] - Switched to window with index: '1'

2017-12-09 23:52:29 - [TEST_STEP][PASSED] - switchToFrame: Switched to iframe: 'Object Repository/W3School/TryItButtonFrame'

2017-12-09 23:52:30 - [TEST_STEP][PASSED] - click: Object: 'Object Repository/W3School/TryButton' is clicked on

2017-12-09 23:52:30 - [MESSAGE][PASSED] - Object: 'Object Repository/W3School/TryButton' is clicked on

2017-12-09 23:52:30 - [TEST_STEP][PASSED] - waitForAlert: Alert is present after 40 second(s).

2017-12-09 23:52:30 - [MESSAGE][PASSED] - Alert is present after 40 second(s).

2017-12-09 23:52:30 - [TEST_STEP][PASSED] - acceptAlert: Alert accepted

2017-12-09 23:52:30 - [MESSAGE][PASSED] - Alert accepted

2017-12-09 23:52:30 - [TEST_STEP][NOT_RUN] - switchToDefaultContent: NOT_RUN: switchToDefaultContent

2017-12-09 23:52:30 - [MESSAGE][NOT_RUN] - NOT_RUN: switchToDefaultContent

2017-12-09 23:52:30 - [TEST_STEP][NOT_RUN] - closeWindowIndex: NOT_RUN: closeWindowIndex

2017-12-09 23:52:30 - [MESSAGE][NOT_RUN] - NOT_RUN: closeWindowIndex

2017-12-09 23:52:30 - [TEST_STEP][NOT_RUN] - switchToWindowIndex: NOT_RUN: switchToWindowIndex

2017-12-09 23:52:30 - [MESSAGE][NOT_RUN] - NOT_RUN: switchToWindowIndex

2017-12-09 23:52:30 - [TEST_STEP][NOT_RUN] - closeBrowser: NOT_RUN: closeBrowser

2017-12-09 23:52:30 - [MESSAGE][NOT_RUN] - NOT_RUN: closeBrowser

2017-12-09 23:52:30 - [TEST_STEP][PASSED] - Start listener action : afterTestCase: Taking screenshot successfully

2017-12-09 23:52:30 - [TEST_STEP][PASSED] - switchToDefaultContent: Switching to default content

2017-12-09 23:52:30 - [TEST_STEP][PASSED] - closeWindowIndex: Window with index 1 is closed

2017-12-09 23:52:30 - [MESSAGE][PASSED] - Window with index 1 is closed

2017-12-09 23:52:30 - [TEST_STEP][PASSED] - switchToWindowIndex: Switched to window with index: '0'

2017-12-09 23:52:30 - [MESSAGE][PASSED] - Switched to window with index: '0'

2017-12-09 23:52:30 - [TEST_STEP][PASSED] - Statement - If ("PASSED".equalsIgnoreCase(testCase.getTestCaseStatus())): Taking screenshot successfully

2017-12-09 23:52:31 - [TEST_STEP][PASSED] - Statement - println(com.kms.katalon.core.webui.keyword.WebUiBuiltInKeywords.takeScreenshot()): Taking screenshot successfully

2017-12-09 23:52:31 - [MESSAGE][PASSED] - Taking screenshot successfully
[[ATTACHMENT|C:\\Users\\Rahul\\Desktop\\Katalon 5\\SeleniumAutomation\\Reports\\JavaScriptTestSuite\\20171209_235216\\1512843751019.png]]]]></system-out>
         <system-err><![CDATA[]]></system-err>
      </testcase>
      <testcase name="Test Cases/JavaScriptPopup/TC-HandlingJavaScriptAlertScriptMode" classname="Test Cases/JavaScriptPopup/TC-HandlingJavaScriptAlertScriptMode" status="PASSED">
         <system-out><![CDATA[2017-12-09 23:52:31 - [TEST_CASE][PASSED] - Test Cases/JavaScriptPopup/TC-HandlingJavaScriptAlertScriptMode: Taking screenshot successfully

2017-12-09 23:52:31 - [TEST_STEP][NOT_RUN] - openBrowser: NOT_RUN: openBrowser

2017-12-09 23:52:31 - [MESSAGE][NOT_RUN] - NOT_RUN: openBrowser

2017-12-09 23:52:31 - [TEST_STEP][NOT_RUN] - waitForPageLoad: NOT_RUN: waitForPageLoad

2017-12-09 23:52:31 - [MESSAGE][NOT_RUN] - NOT_RUN: waitForPageLoad

2017-12-09 23:52:31 - [TEST_STEP][NOT_RUN] - maximizeWindow: NOT_RUN: maximizeWindow

2017-12-09 23:52:31 - [MESSAGE][NOT_RUN] - NOT_RUN: maximizeWindow

2017-12-09 23:52:31 - [TEST_STEP][PASSED] - click: Object: 'Object Repository/W3School/TryItBtn' is clicked on

2017-12-09 23:52:31 - [MESSAGE][PASSED] - Object: 'Object Repository/W3School/TryItBtn' is clicked on

2017-12-09 23:52:31 - [TEST_STEP][PASSED] - delay: Delayed 2 second(s)

2017-12-09 23:52:33 - [MESSAGE][PASSED] - Delayed 2 second(s)

2017-12-09 23:52:33 - [TEST_STEP][PASSED] - switchToWindowIndex: Switched to window with index: '1'

2017-12-09 23:52:33 - [MESSAGE][PASSED] - Switched to window with index: '1'

2017-12-09 23:52:33 - [TEST_STEP][PASSED] - switchToFrame: Switched to iframe: 'Object Repository/W3School/TryItButtonFrame'

2017-12-09 23:52:34 - [TEST_STEP][PASSED] - click: Object: 'Object Repository/W3School/TryButton' is clicked on

2017-12-09 23:52:34 - [MESSAGE][PASSED] - Object: 'Object Repository/W3School/TryButton' is clicked on

2017-12-09 23:52:34 - [TEST_STEP][PASSED] - waitForAlert: Alert is present after 40 second(s).

2017-12-09 23:52:34 - [MESSAGE][PASSED] - Alert is present after 40 second(s).

2017-12-09 23:52:34 - [TEST_STEP][PASSED] - acceptAlert: Alert accepted

2017-12-09 23:52:34 - [MESSAGE][PASSED] - Alert accepted

2017-12-09 23:52:34 - [TEST_STEP][NOT_RUN] - switchToDefaultContent: NOT_RUN: switchToDefaultContent

2017-12-09 23:52:34 - [MESSAGE][NOT_RUN] - NOT_RUN: switchToDefaultContent

2017-12-09 23:52:34 - [TEST_STEP][NOT_RUN] - closeWindowIndex: NOT_RUN: closeWindowIndex

2017-12-09 23:52:34 - [MESSAGE][NOT_RUN] - NOT_RUN: closeWindowIndex

2017-12-09 23:52:34 - [TEST_STEP][NOT_RUN] - switchToWindowIndex: NOT_RUN: switchToWindowIndex

2017-12-09 23:52:34 - [MESSAGE][NOT_RUN] - NOT_RUN: switchToWindowIndex

2017-12-09 23:52:34 - [TEST_STEP][NOT_RUN] - closeBrowser: NOT_RUN: closeBrowser

2017-12-09 23:52:34 - [MESSAGE][NOT_RUN] - NOT_RUN: closeBrowser

2017-12-09 23:52:34 - [TEST_STEP][PASSED] - Start listener action : afterTestCase: Taking screenshot successfully

2017-12-09 23:52:34 - [TEST_STEP][PASSED] - switchToDefaultContent: Switching to default content

2017-12-09 23:52:34 - [TEST_STEP][PASSED] - closeWindowIndex: Window with index 1 is closed

2017-12-09 23:52:34 - [MESSAGE][PASSED] - Window with index 1 is closed

2017-12-09 23:52:34 - [TEST_STEP][PASSED] - switchToWindowIndex: Switched to window with index: '0'

2017-12-09 23:52:34 - [MESSAGE][PASSED] - Switched to window with index: '0'

2017-12-09 23:52:34 - [TEST_STEP][PASSED] - Statement - If ("PASSED".equalsIgnoreCase(testCase.getTestCaseStatus())): Taking screenshot successfully

2017-12-09 23:52:34 - [TEST_STEP][PASSED] - Statement - println(com.kms.katalon.core.webui.keyword.WebUiBuiltInKeywords.takeScreenshot()): Taking screenshot successfully

2017-12-09 23:52:34 - [MESSAGE][PASSED] - Taking screenshot successfully
[[ATTACHMENT|C:\\Users\\Rahul\\Desktop\\Katalon 5\\SeleniumAutomation\\Reports\\JavaScriptTestSuite\\20171209_235216\\1512843754678.png]]]]></system-out>
         <system-err><![CDATA[]]></system-err>
      </testcase>
      <testcase name="Test Cases/JavaScriptPopup/TC-HandlingJavaScriptConfirmation" classname="Test Cases/JavaScriptPopup/TC-HandlingJavaScriptConfirmation" status="PASSED">
         <system-out><![CDATA[2017-12-09 23:52:34 - [TEST_CASE][PASSED] - Test Cases/JavaScriptPopup/TC-HandlingJavaScriptConfirmation: Taking screenshot successfully

2017-12-09 23:52:35 - [TEST_STEP][NOT_RUN] - openBrowser: NOT_RUN: openBrowser

2017-12-09 23:52:35 - [MESSAGE][NOT_RUN] - NOT_RUN: openBrowser

2017-12-09 23:52:35 - [TEST_STEP][NOT_RUN] - waitForPageLoad: NOT_RUN: waitForPageLoad

2017-12-09 23:52:35 - [MESSAGE][NOT_RUN] - NOT_RUN: waitForPageLoad

2017-12-09 23:52:35 - [TEST_STEP][NOT_RUN] - maximizeWindow: NOT_RUN: maximizeWindow

2017-12-09 23:52:35 - [MESSAGE][NOT_RUN] - NOT_RUN: maximizeWindow

2017-12-09 23:52:35 - [TEST_STEP][PASSED] - click: Object: 'Object Repository/W3School/ConfirmationPopup' is clicked on

2017-12-09 23:52:35 - [MESSAGE][PASSED] - Object: 'Object Repository/W3School/ConfirmationPopup' is clicked on

2017-12-09 23:52:35 - [TEST_STEP][PASSED] - delay: Delayed 2 second(s)

2017-12-09 23:52:37 - [MESSAGE][PASSED] - Delayed 2 second(s)

2017-12-09 23:52:37 - [TEST_STEP][PASSED] - switchToWindowIndex: Switched to window with index: '1'

2017-12-09 23:52:37 - [MESSAGE][PASSED] - Switched to window with index: '1'

2017-12-09 23:52:37 - [TEST_STEP][PASSED] - switchToFrame: Switched to iframe: 'Object Repository/W3School/TryItButtonFrame'

2017-12-09 23:52:38 - [TEST_STEP][PASSED] - click: Object: 'Object Repository/W3School/TryButton' is clicked on

2017-12-09 23:52:38 - [MESSAGE][PASSED] - Object: 'Object Repository/W3School/TryButton' is clicked on

2017-12-09 23:52:38 - [TEST_STEP][PASSED] - waitForAlert: Alert is present after 40 second(s).

2017-12-09 23:52:38 - [MESSAGE][PASSED] - Alert is present after 40 second(s).

2017-12-09 23:52:38 - [TEST_STEP][PASSED] - acceptAlert: Alert accepted

2017-12-09 23:52:38 - [MESSAGE][PASSED] - Alert accepted

2017-12-09 23:52:38 - [TEST_STEP][PASSED] - delay: Delayed 1 second(s)

2017-12-09 23:52:39 - [MESSAGE][PASSED] - Delayed 1 second(s)

2017-12-09 23:52:39 - [TEST_STEP][PASSED] - click: Object: 'Object Repository/W3School/TryButton' is clicked on

2017-12-09 23:52:39 - [MESSAGE][PASSED] - Object: 'Object Repository/W3School/TryButton' is clicked on

2017-12-09 23:52:39 - [TEST_STEP][PASSED] - waitForAlert: Alert is present after 40 second(s).

2017-12-09 23:52:39 - [MESSAGE][PASSED] - Alert is present after 40 second(s).

2017-12-09 23:52:39 - [TEST_STEP][PASSED] - dismissAlert: Alert dismissed

2017-12-09 23:52:39 - [MESSAGE][PASSED] - Alert dismissed

2017-12-09 23:52:39 - [TEST_STEP][NOT_RUN] - switchToDefaultContent: NOT_RUN: switchToDefaultContent

2017-12-09 23:52:39 - [MESSAGE][NOT_RUN] - NOT_RUN: switchToDefaultContent

2017-12-09 23:52:39 - [TEST_STEP][NOT_RUN] - closeWindowIndex: NOT_RUN: closeWindowIndex

2017-12-09 23:52:39 - [MESSAGE][NOT_RUN] - NOT_RUN: closeWindowIndex

2017-12-09 23:52:39 - [TEST_STEP][NOT_RUN] - switchToWindowIndex: NOT_RUN: switchToWindowIndex

2017-12-09 23:52:39 - [MESSAGE][NOT_RUN] - NOT_RUN: switchToWindowIndex

2017-12-09 23:52:39 - [TEST_STEP][NOT_RUN] - closeBrowser: NOT_RUN: closeBrowser

2017-12-09 23:52:39 - [MESSAGE][NOT_RUN] - NOT_RUN: closeBrowser

2017-12-09 23:52:39 - [TEST_STEP][PASSED] - Start listener action : afterTestCase: Taking screenshot successfully

2017-12-09 23:52:39 - [TEST_STEP][PASSED] - switchToDefaultContent: Switching to default content

2017-12-09 23:52:39 - [TEST_STEP][PASSED] - closeWindowIndex: Window with index 1 is closed

2017-12-09 23:52:39 - [MESSAGE][PASSED] - Window with index 1 is closed

2017-12-09 23:52:39 - [TEST_STEP][PASSED] - switchToWindowIndex: Switched to window with index: '0'

2017-12-09 23:52:39 - [MESSAGE][PASSED] - Switched to window with index: '0'

2017-12-09 23:52:39 - [TEST_STEP][PASSED] - Statement - If ("PASSED".equalsIgnoreCase(testCase.getTestCaseStatus())): Taking screenshot successfully

2017-12-09 23:52:39 - [TEST_STEP][PASSED] - Statement - println(com.kms.katalon.core.webui.keyword.WebUiBuiltInKeywords.takeScreenshot()): Taking screenshot successfully

2017-12-09 23:52:39 - [MESSAGE][PASSED] - Taking screenshot successfully
[[ATTACHMENT|C:\\Users\\Rahul\\Desktop\\Katalon 5\\SeleniumAutomation\\Reports\\JavaScriptTestSuite\\20171209_235216\\1512843759594.png]]]]></system-out>
         <system-err><![CDATA[]]></system-err>
      </testcase>
      <system-out><![CDATA[2017-12-09 23:52:19 - [TEST_SUITE][PASSED] - JavaScriptTestSuite: Taking screenshot successfully]]></system-out>
      <system-err><![CDATA[]]></system-err>
   </testsuite>
</testsuites>
