<?xml version="1.0" encoding="UTF-8"?>
<testsuites name="DataDrivenTestSuite" time="81" tests="4" failures="0" errors="0">
   <testsuite name="DataDrivenTestSuite" tests="4" failures="0" errors="0" time="81" timestamp="2017-12-09 12:17:27" hostname="Rahul - Rahul-Dell-PC" id="Test Suites/DataDrivenTestSuite">
      <properties>
         <property name="deviceName" value=""/>
         <property name="devicePlatform" value=""/>
         <property name="logFolder" value="C:\\Users\\Rahul\\Desktop\\Katalon 5\\SeleniumAutomation\\Reports\\DataDrivenTestSuite\\20171209_121722"/>
         <property name="logFiles" value="C:\\Users\\Rahul\\Desktop\\Katalon 5\\SeleniumAutomation\\Reports\\DataDrivenTestSuite\\20171209_121722\\execution0.log"/>
         <property name="attachments" value=""/>
         <property name="hostName" value="Rahul - Rahul-Dell-PC"/>
         <property name="os" value="Windows 10 64bit"/>
         <property name="katalonVersion" value="5.2.0.1"/>
         <property name="browser" value="Chrome 63.0.3239.84"/>
         <property name="hostAddress" value="192.168.1.5"/>
         <property name="sessionId" value="b17b01adf47ad3ecdaab4e8cce5228f4"/>
         <property name="seleniumVersion" value="3.7.1"/>
         <property name="proxyInformation" value="ProxyInformation{proxyOption=NO_PROXY, proxyServerType=HTTP, password=, proxyServerAddress=, proxyServerPort=0}"/>
         <property name="platform" value="Windows 10"/>
      </properties>
      <testcase name="Test Cases/DataDriven/TC - MultipleDataSet - Iteration 1" classname="Test Cases/DataDriven/TC - MultipleDataSet" status="PASSED">
         <system-out><![CDATA[2017-12-09 12:17:28 - [TEST_CASE][PASSED] - Test Cases/DataDriven/TC - MultipleDataSet - Iteration 1: Test Cases/DataDriven/TC - MultipleDataSet

2017-12-09 12:17:29 - [TEST_STEP][PASSED] - SetUp: Method 'SetUp' complete successfully

2017-12-09 12:17:31 - [TEST_STEP][PASSED] - com.helper.login.LoginHelper.loginIntoApplicationWith: com.helper.login.LoginHelper.loginIntoApplicationWith is PASSED

2017-12-09 12:17:40 - [MESSAGE][PASSED] - Browser is opened with url: 'http://192.168.1.108:5001/'

2017-12-09 12:17:40 - [MESSAGE][PASSED] - Wait for page load successfully

2017-12-09 12:17:41 - [MESSAGE][PASSED] - Current window maximized

2017-12-09 12:17:41 - [MESSAGE][PASSED] - Object 'Object Repository/Bugzilla/HomePage/FlieBugLink' is visible

2017-12-09 12:17:43 - [MESSAGE][PASSED] - Object: 'Object Repository/Bugzilla/HomePage/FlieBugLink' is clicked on

2017-12-09 12:17:43 - [MESSAGE][PASSED] - Object 'Object Repository/Bugzilla/LoginPage/LoginBtn' is visible

2017-12-09 12:17:43 - [MESSAGE][PASSED] - Keys 'rahul@bugzila.com' sent to object: 'Object Repository/Bugzilla/LoginPage/UsernameTxtBox'

2017-12-09 12:17:43 - [MESSAGE][PASSED] - Keys 'welcome' sent to object: 'Object Repository/Bugzilla/LoginPage/PasswordTxtBox'

2017-12-09 12:17:45 - [MESSAGE][PASSED] - Object: 'Object Repository/Bugzilla/LoginPage/LoginBtn' is clicked on

2017-12-09 12:17:47 - [MESSAGE][PASSED] - Delayed 1 second(s)

2017-12-09 12:17:47 - [MESSAGE][PASSED] - com.helper.login.LoginHelper.loginIntoApplicationWith is PASSED

2017-12-09 12:17:47 - [MESSAGE][PASSED] - Method 'SetUp' complete successfully

2017-12-09 12:17:47 - [TEST_STEP][PASSED] - waitForElementVisible: Object 'Object Repository/Bugzilla/EnterBug/TestngProductLink' is visible

2017-12-09 12:17:47 - [MESSAGE][PASSED] - Object 'Object Repository/Bugzilla/EnterBug/TestngProductLink' is visible

2017-12-09 12:17:47 - [TEST_STEP][PASSED] - click: Object: 'Object Repository/Bugzilla/EnterBug/TestngProductLink' is clicked on

2017-12-09 12:17:50 - [MESSAGE][PASSED] - Object: 'Object Repository/Bugzilla/EnterBug/TestngProductLink' is clicked on

2017-12-09 12:17:50 - [TEST_STEP][PASSED] - waitForElementVisible: Object 'Object Repository/Bugzilla/EnterBugDetailScreen/Component' is visible

2017-12-09 12:17:51 - [MESSAGE][PASSED] - Object 'Object Repository/Bugzilla/EnterBugDetailScreen/Component' is visible

2017-12-09 12:17:51 - [TEST_STEP][PASSED] - selectOptionByValue: All options with value 'Running TestNG programmatically' are selected in object 'Object Repository/Bugzilla/EnterBugDetailScreen/Component' 

2017-12-09 12:17:51 - [MESSAGE][PASSED] - All options with value 'Running TestNG programmatically' are selected in object 'Object Repository/Bugzilla/EnterBugDetailScreen/Component' 

2017-12-09 12:17:51 - [TEST_STEP][PASSED] - selectOptionByValue: All options with value '6.9.13.5' are selected in object 'Object Repository/Bugzilla/EnterBugDetailScreen/Version' 

2017-12-09 12:17:51 - [MESSAGE][PASSED] - All options with value '6.9.13.5' are selected in object 'Object Repository/Bugzilla/EnterBugDetailScreen/Version' 

2017-12-09 12:17:51 - [TEST_STEP][PASSED] - selectOptionByValue: All options with value 'critical' are selected in object 'Object Repository/Bugzilla/EnterBugDetailScreen/Severity' 

2017-12-09 12:17:52 - [MESSAGE][PASSED] - All options with value 'critical' are selected in object 'Object Repository/Bugzilla/EnterBugDetailScreen/Severity' 

2017-12-09 12:17:52 - [TEST_STEP][PASSED] - selectOptionByValue: All options with value 'Macintosh' are selected in object 'Object Repository/Bugzilla/EnterBugDetailScreen/Hardware' 

2017-12-09 12:17:52 - [MESSAGE][PASSED] - All options with value 'Macintosh' are selected in object 'Object Repository/Bugzilla/EnterBugDetailScreen/Hardware' 

2017-12-09 12:17:52 - [TEST_STEP][PASSED] - selectOptionByValue: All options with value 'Linux' are selected in object 'Object Repository/Bugzilla/EnterBugDetailScreen/Os' 

2017-12-09 12:17:53 - [MESSAGE][PASSED] - All options with value 'Linux' are selected in object 'Object Repository/Bugzilla/EnterBugDetailScreen/Os' 

2017-12-09 12:17:53 - [TEST_STEP][PASSED] - sendKeys: Keys 'Data Driven Test summary One' sent to object: 'Object Repository/Bugzilla/EnterBugDetailScreen/Summary'

2017-12-09 12:17:53 - [MESSAGE][PASSED] - Keys 'Data Driven Test summary One' sent to object: 'Object Repository/Bugzilla/EnterBugDetailScreen/Summary'

2017-12-09 12:17:53 - [TEST_STEP][PASSED] - sendKeys: Keys 'Description of Data driven test One' sent to object: 'Object Repository/Bugzilla/EnterBugDetailScreen/Description'

2017-12-09 12:17:54 - [MESSAGE][PASSED] - Keys 'Description of Data driven test One' sent to object: 'Object Repository/Bugzilla/EnterBugDetailScreen/Description'

2017-12-09 12:17:54 - [TEST_STEP][PASSED] - click: Object: 'Object Repository/Bugzilla/EnterBugDetailScreen/SubmitBugButton' is clicked on

2017-12-09 12:17:57 - [MESSAGE][PASSED] - Object: 'Object Repository/Bugzilla/EnterBugDetailScreen/SubmitBugButton' is clicked on

2017-12-09 12:17:57 - [TEST_STEP][PASSED] - waitForElementVisible: Object 'Object Repository/Bugzilla/EnterBugDetailScreen/Hardware' is visible

2017-12-09 12:17:57 - [MESSAGE][PASSED] - Object 'Object Repository/Bugzilla/EnterBugDetailScreen/Hardware' is visible

2017-12-09 12:17:57 - [TEST_STEP][PASSED] - verifyTextPresent: Text 'Bug \d+' is present on page  using regular expression

2017-12-09 12:17:57 - [MESSAGE][PASSED] - Text 'Bug \d+' is present on page  using regular expression

2017-12-09 12:17:57 - [TEST_STEP][PASSED] - TearDown: Method 'TearDown' complete successfully

2017-12-09 12:17:57 - [TEST_STEP][PASSED] - com.helper.login.LoginHelper.logoutFromApplication: com.helper.login.LoginHelper.logoutFromApplication is PASSED

2017-12-09 12:17:57 - [MESSAGE][PASSED] - Object 'Object Repository/Bugzilla/HomePage/LogoutBtn' is visible

2017-12-09 12:17:59 - [MESSAGE][PASSED] - Object: 'Object Repository/Bugzilla/HomePage/LogoutBtn' is clicked on

2017-12-09 12:17:59 - [MESSAGE][PASSED] - Object 'Object Repository/Bugzilla/HomePage/FlieBugLink' is visible

2017-12-09 12:18:00 - [MESSAGE][PASSED] - Browser is closed

2017-12-09 12:18:00 - [MESSAGE][PASSED] - com.helper.login.LoginHelper.logoutFromApplication is PASSED

2017-12-09 12:18:00 - [MESSAGE][PASSED] - Method 'TearDown' complete successfully]]></system-out>
         <system-err><![CDATA[]]></system-err>
      </testcase>
      <testcase name="Test Cases/DataDriven/TC - MultipleDataSet - Iteration 2" classname="Test Cases/DataDriven/TC - MultipleDataSet" status="PASSED">
         <system-out><![CDATA[2017-12-09 12:18:00 - [TEST_CASE][PASSED] - Test Cases/DataDriven/TC - MultipleDataSet - Iteration 2: Test Cases/DataDriven/TC - MultipleDataSet

2017-12-09 12:18:00 - [TEST_STEP][PASSED] - SetUp: Method 'SetUp' complete successfully

2017-12-09 12:18:00 - [TEST_STEP][PASSED] - com.helper.login.LoginHelper.loginIntoApplicationWith: com.helper.login.LoginHelper.loginIntoApplicationWith is PASSED

2017-12-09 12:18:04 - [MESSAGE][PASSED] - Browser is opened with url: 'http://192.168.1.108:5001/'

2017-12-09 12:18:04 - [MESSAGE][PASSED] - Wait for page load successfully

2017-12-09 12:18:06 - [MESSAGE][PASSED] - Current window maximized

2017-12-09 12:18:06 - [MESSAGE][PASSED] - Object 'Object Repository/Bugzilla/HomePage/FlieBugLink' is visible

2017-12-09 12:18:07 - [MESSAGE][PASSED] - Object: 'Object Repository/Bugzilla/HomePage/FlieBugLink' is clicked on

2017-12-09 12:18:07 - [MESSAGE][PASSED] - Object 'Object Repository/Bugzilla/LoginPage/LoginBtn' is visible

2017-12-09 12:18:07 - [MESSAGE][PASSED] - Keys 'rahul@bugzila.com' sent to object: 'Object Repository/Bugzilla/LoginPage/UsernameTxtBox'

2017-12-09 12:18:08 - [MESSAGE][PASSED] - Keys 'welcome' sent to object: 'Object Repository/Bugzilla/LoginPage/PasswordTxtBox'

2017-12-09 12:18:10 - [MESSAGE][PASSED] - Object: 'Object Repository/Bugzilla/LoginPage/LoginBtn' is clicked on

2017-12-09 12:18:11 - [MESSAGE][PASSED] - Delayed 1 second(s)

2017-12-09 12:18:11 - [MESSAGE][PASSED] - com.helper.login.LoginHelper.loginIntoApplicationWith is PASSED

2017-12-09 12:18:11 - [MESSAGE][PASSED] - Method 'SetUp' complete successfully

2017-12-09 12:18:11 - [TEST_STEP][PASSED] - waitForElementVisible: Object 'Object Repository/Bugzilla/EnterBug/TestngProductLink' is visible

2017-12-09 12:18:11 - [MESSAGE][PASSED] - Object 'Object Repository/Bugzilla/EnterBug/TestngProductLink' is visible

2017-12-09 12:18:11 - [TEST_STEP][PASSED] - click: Object: 'Object Repository/Bugzilla/EnterBug/TestngProductLink' is clicked on

2017-12-09 12:18:12 - [MESSAGE][PASSED] - Object: 'Object Repository/Bugzilla/EnterBug/TestngProductLink' is clicked on

2017-12-09 12:18:12 - [TEST_STEP][PASSED] - waitForElementVisible: Object 'Object Repository/Bugzilla/EnterBugDetailScreen/Component' is visible

2017-12-09 12:18:12 - [MESSAGE][PASSED] - Object 'Object Repository/Bugzilla/EnterBugDetailScreen/Component' is visible

2017-12-09 12:18:12 - [TEST_STEP][PASSED] - selectOptionByValue: All options with value 'Logging Listeners' are selected in object 'Object Repository/Bugzilla/EnterBugDetailScreen/Component' 

2017-12-09 12:18:13 - [MESSAGE][PASSED] - All options with value 'Logging Listeners' are selected in object 'Object Repository/Bugzilla/EnterBugDetailScreen/Component' 

2017-12-09 12:18:13 - [TEST_STEP][PASSED] - selectOptionByValue: All options with value '6.9.13.4' are selected in object 'Object Repository/Bugzilla/EnterBugDetailScreen/Version' 

2017-12-09 12:18:13 - [MESSAGE][PASSED] - All options with value '6.9.13.4' are selected in object 'Object Repository/Bugzilla/EnterBugDetailScreen/Version' 

2017-12-09 12:18:13 - [TEST_STEP][PASSED] - selectOptionByValue: All options with value 'major' are selected in object 'Object Repository/Bugzilla/EnterBugDetailScreen/Severity' 

2017-12-09 12:18:13 - [MESSAGE][PASSED] - All options with value 'major' are selected in object 'Object Repository/Bugzilla/EnterBugDetailScreen/Severity' 

2017-12-09 12:18:13 - [TEST_STEP][PASSED] - selectOptionByValue: All options with value 'All' are selected in object 'Object Repository/Bugzilla/EnterBugDetailScreen/Hardware' 

2017-12-09 12:18:13 - [MESSAGE][PASSED] - All options with value 'All' are selected in object 'Object Repository/Bugzilla/EnterBugDetailScreen/Hardware' 

2017-12-09 12:18:13 - [TEST_STEP][PASSED] - selectOptionByValue: All options with value 'Windows' are selected in object 'Object Repository/Bugzilla/EnterBugDetailScreen/Os' 

2017-12-09 12:18:13 - [MESSAGE][PASSED] - All options with value 'Windows' are selected in object 'Object Repository/Bugzilla/EnterBugDetailScreen/Os' 

2017-12-09 12:18:13 - [TEST_STEP][PASSED] - sendKeys: Keys 'Data Driven Test summary Two' sent to object: 'Object Repository/Bugzilla/EnterBugDetailScreen/Summary'

2017-12-09 12:18:14 - [MESSAGE][PASSED] - Keys 'Data Driven Test summary Two' sent to object: 'Object Repository/Bugzilla/EnterBugDetailScreen/Summary'

2017-12-09 12:18:14 - [TEST_STEP][PASSED] - sendKeys: Keys 'Description of Data driven test Two' sent to object: 'Object Repository/Bugzilla/EnterBugDetailScreen/Description'

2017-12-09 12:18:14 - [MESSAGE][PASSED] - Keys 'Description of Data driven test Two' sent to object: 'Object Repository/Bugzilla/EnterBugDetailScreen/Description'

2017-12-09 12:18:14 - [TEST_STEP][PASSED] - click: Object: 'Object Repository/Bugzilla/EnterBugDetailScreen/SubmitBugButton' is clicked on

2017-12-09 12:18:16 - [MESSAGE][PASSED] - Object: 'Object Repository/Bugzilla/EnterBugDetailScreen/SubmitBugButton' is clicked on

2017-12-09 12:18:16 - [TEST_STEP][PASSED] - waitForElementVisible: Object 'Object Repository/Bugzilla/EnterBugDetailScreen/Hardware' is visible

2017-12-09 12:18:16 - [MESSAGE][PASSED] - Object 'Object Repository/Bugzilla/EnterBugDetailScreen/Hardware' is visible

2017-12-09 12:18:16 - [TEST_STEP][PASSED] - verifyTextPresent: Text 'Bug \d+' is present on page  using regular expression

2017-12-09 12:18:16 - [MESSAGE][PASSED] - Text 'Bug \d+' is present on page  using regular expression

2017-12-09 12:18:16 - [TEST_STEP][PASSED] - TearDown: Method 'TearDown' complete successfully

2017-12-09 12:18:16 - [TEST_STEP][PASSED] - com.helper.login.LoginHelper.logoutFromApplication: com.helper.login.LoginHelper.logoutFromApplication is PASSED

2017-12-09 12:18:16 - [MESSAGE][PASSED] - Object 'Object Repository/Bugzilla/HomePage/LogoutBtn' is visible

2017-12-09 12:18:17 - [MESSAGE][PASSED] - Object: 'Object Repository/Bugzilla/HomePage/LogoutBtn' is clicked on

2017-12-09 12:18:17 - [MESSAGE][PASSED] - Object 'Object Repository/Bugzilla/HomePage/FlieBugLink' is visible

2017-12-09 12:18:18 - [MESSAGE][PASSED] - Browser is closed

2017-12-09 12:18:18 - [MESSAGE][PASSED] - com.helper.login.LoginHelper.logoutFromApplication is PASSED

2017-12-09 12:18:18 - [MESSAGE][PASSED] - Method 'TearDown' complete successfully]]></system-out>
         <system-err><![CDATA[]]></system-err>
      </testcase>
      <testcase name="Test Cases/DataDriven/TC - MultipleDataSet - Iteration 3" classname="Test Cases/DataDriven/TC - MultipleDataSet" status="PASSED">
         <system-out><![CDATA[2017-12-09 12:18:18 - [TEST_CASE][PASSED] - Test Cases/DataDriven/TC - MultipleDataSet - Iteration 3: Test Cases/DataDriven/TC - MultipleDataSet

2017-12-09 12:18:18 - [TEST_STEP][PASSED] - SetUp: Method 'SetUp' complete successfully

2017-12-09 12:18:18 - [TEST_STEP][PASSED] - com.helper.login.LoginHelper.loginIntoApplicationWith: com.helper.login.LoginHelper.loginIntoApplicationWith is PASSED

2017-12-09 12:18:23 - [MESSAGE][PASSED] - Browser is opened with url: 'http://192.168.1.108:5001/'

2017-12-09 12:18:23 - [MESSAGE][PASSED] - Wait for page load successfully

2017-12-09 12:18:24 - [MESSAGE][PASSED] - Current window maximized

2017-12-09 12:18:24 - [MESSAGE][PASSED] - Object 'Object Repository/Bugzilla/HomePage/FlieBugLink' is visible

2017-12-09 12:18:25 - [MESSAGE][PASSED] - Object: 'Object Repository/Bugzilla/HomePage/FlieBugLink' is clicked on

2017-12-09 12:18:26 - [MESSAGE][PASSED] - Object 'Object Repository/Bugzilla/LoginPage/LoginBtn' is visible

2017-12-09 12:18:26 - [MESSAGE][PASSED] - Keys 'rahul@bugzila.com' sent to object: 'Object Repository/Bugzilla/LoginPage/UsernameTxtBox'

2017-12-09 12:18:26 - [MESSAGE][PASSED] - Keys 'welcome' sent to object: 'Object Repository/Bugzilla/LoginPage/PasswordTxtBox'

2017-12-09 12:18:27 - [MESSAGE][PASSED] - Object: 'Object Repository/Bugzilla/LoginPage/LoginBtn' is clicked on

2017-12-09 12:18:28 - [MESSAGE][PASSED] - Delayed 1 second(s)

2017-12-09 12:18:28 - [MESSAGE][PASSED] - com.helper.login.LoginHelper.loginIntoApplicationWith is PASSED

2017-12-09 12:18:28 - [MESSAGE][PASSED] - Method 'SetUp' complete successfully

2017-12-09 12:18:28 - [TEST_STEP][PASSED] - waitForElementVisible: Object 'Object Repository/Bugzilla/EnterBug/TestngProductLink' is visible

2017-12-09 12:18:28 - [MESSAGE][PASSED] - Object 'Object Repository/Bugzilla/EnterBug/TestngProductLink' is visible

2017-12-09 12:18:28 - [TEST_STEP][PASSED] - click: Object: 'Object Repository/Bugzilla/EnterBug/TestngProductLink' is clicked on

2017-12-09 12:18:30 - [MESSAGE][PASSED] - Object: 'Object Repository/Bugzilla/EnterBug/TestngProductLink' is clicked on

2017-12-09 12:18:30 - [TEST_STEP][PASSED] - waitForElementVisible: Object 'Object Repository/Bugzilla/EnterBugDetailScreen/Component' is visible

2017-12-09 12:18:30 - [MESSAGE][PASSED] - Object 'Object Repository/Bugzilla/EnterBugDetailScreen/Component' is visible

2017-12-09 12:18:30 - [TEST_STEP][PASSED] - selectOptionByValue: All options with value 'Parameters from testng.xml' are selected in object 'Object Repository/Bugzilla/EnterBugDetailScreen/Component' 

2017-12-09 12:18:30 - [MESSAGE][PASSED] - All options with value 'Parameters from testng.xml' are selected in object 'Object Repository/Bugzilla/EnterBugDetailScreen/Component' 

2017-12-09 12:18:30 - [TEST_STEP][PASSED] - selectOptionByValue: All options with value '6.11' are selected in object 'Object Repository/Bugzilla/EnterBugDetailScreen/Version' 

2017-12-09 12:18:30 - [MESSAGE][PASSED] - All options with value '6.11' are selected in object 'Object Repository/Bugzilla/EnterBugDetailScreen/Version' 

2017-12-09 12:18:30 - [TEST_STEP][PASSED] - selectOptionByValue: All options with value 'critical' are selected in object 'Object Repository/Bugzilla/EnterBugDetailScreen/Severity' 

2017-12-09 12:18:30 - [MESSAGE][PASSED] - All options with value 'critical' are selected in object 'Object Repository/Bugzilla/EnterBugDetailScreen/Severity' 

2017-12-09 12:18:30 - [TEST_STEP][PASSED] - selectOptionByValue: All options with value 'PC' are selected in object 'Object Repository/Bugzilla/EnterBugDetailScreen/Hardware' 

2017-12-09 12:18:30 - [MESSAGE][PASSED] - All options with value 'PC' are selected in object 'Object Repository/Bugzilla/EnterBugDetailScreen/Hardware' 

2017-12-09 12:18:30 - [TEST_STEP][PASSED] - selectOptionByValue: All options with value 'Linux' are selected in object 'Object Repository/Bugzilla/EnterBugDetailScreen/Os' 

2017-12-09 12:18:30 - [MESSAGE][PASSED] - All options with value 'Linux' are selected in object 'Object Repository/Bugzilla/EnterBugDetailScreen/Os' 

2017-12-09 12:18:30 - [TEST_STEP][PASSED] - sendKeys: Keys 'Data Driven Test summary Three' sent to object: 'Object Repository/Bugzilla/EnterBugDetailScreen/Summary'

2017-12-09 12:18:30 - [MESSAGE][PASSED] - Keys 'Data Driven Test summary Three' sent to object: 'Object Repository/Bugzilla/EnterBugDetailScreen/Summary'

2017-12-09 12:18:30 - [TEST_STEP][PASSED] - sendKeys: Keys 'Description of Data driven test Three' sent to object: 'Object Repository/Bugzilla/EnterBugDetailScreen/Description'

2017-12-09 12:18:30 - [MESSAGE][PASSED] - Keys 'Description of Data driven test Three' sent to object: 'Object Repository/Bugzilla/EnterBugDetailScreen/Description'

2017-12-09 12:18:30 - [TEST_STEP][PASSED] - click: Object: 'Object Repository/Bugzilla/EnterBugDetailScreen/SubmitBugButton' is clicked on

2017-12-09 12:18:32 - [MESSAGE][PASSED] - Object: 'Object Repository/Bugzilla/EnterBugDetailScreen/SubmitBugButton' is clicked on

2017-12-09 12:18:32 - [TEST_STEP][PASSED] - waitForElementVisible: Object 'Object Repository/Bugzilla/EnterBugDetailScreen/Hardware' is visible

2017-12-09 12:18:32 - [MESSAGE][PASSED] - Object 'Object Repository/Bugzilla/EnterBugDetailScreen/Hardware' is visible

2017-12-09 12:18:32 - [TEST_STEP][PASSED] - verifyTextPresent: Text 'Bug \d+' is present on page  using regular expression

2017-12-09 12:18:32 - [MESSAGE][PASSED] - Text 'Bug \d+' is present on page  using regular expression

2017-12-09 12:18:32 - [TEST_STEP][PASSED] - TearDown: Method 'TearDown' complete successfully

2017-12-09 12:18:32 - [TEST_STEP][PASSED] - com.helper.login.LoginHelper.logoutFromApplication: com.helper.login.LoginHelper.logoutFromApplication is PASSED

2017-12-09 12:18:32 - [MESSAGE][PASSED] - Object 'Object Repository/Bugzilla/HomePage/LogoutBtn' is visible

2017-12-09 12:18:33 - [MESSAGE][PASSED] - Object: 'Object Repository/Bugzilla/HomePage/LogoutBtn' is clicked on

2017-12-09 12:18:33 - [MESSAGE][PASSED] - Object 'Object Repository/Bugzilla/HomePage/FlieBugLink' is visible

2017-12-09 12:18:34 - [MESSAGE][PASSED] - Browser is closed

2017-12-09 12:18:34 - [MESSAGE][PASSED] - com.helper.login.LoginHelper.logoutFromApplication is PASSED

2017-12-09 12:18:34 - [MESSAGE][PASSED] - Method 'TearDown' complete successfully]]></system-out>
         <system-err><![CDATA[]]></system-err>
      </testcase>
      <testcase name="Test Cases/DataDriven/TC - MultipleDataSet - Iteration 4" classname="Test Cases/DataDriven/TC - MultipleDataSet" status="PASSED">
         <system-out><![CDATA[2017-12-09 12:18:34 - [TEST_CASE][PASSED] - Test Cases/DataDriven/TC - MultipleDataSet - Iteration 4: Test Cases/DataDriven/TC - MultipleDataSet

2017-12-09 12:18:34 - [TEST_STEP][PASSED] - SetUp: Method 'SetUp' complete successfully

2017-12-09 12:18:34 - [TEST_STEP][PASSED] - com.helper.login.LoginHelper.loginIntoApplicationWith: com.helper.login.LoginHelper.loginIntoApplicationWith is PASSED

2017-12-09 12:18:37 - [MESSAGE][PASSED] - Browser is opened with url: 'http://192.168.1.108:5001/'

2017-12-09 12:18:37 - [MESSAGE][PASSED] - Wait for page load successfully

2017-12-09 12:18:38 - [MESSAGE][PASSED] - Current window maximized

2017-12-09 12:18:38 - [MESSAGE][PASSED] - Object 'Object Repository/Bugzilla/HomePage/FlieBugLink' is visible

2017-12-09 12:18:40 - [MESSAGE][PASSED] - Object: 'Object Repository/Bugzilla/HomePage/FlieBugLink' is clicked on

2017-12-09 12:18:40 - [MESSAGE][PASSED] - Object 'Object Repository/Bugzilla/LoginPage/LoginBtn' is visible

2017-12-09 12:18:40 - [MESSAGE][PASSED] - Keys 'rahul@bugzila.com' sent to object: 'Object Repository/Bugzilla/LoginPage/UsernameTxtBox'

2017-12-09 12:18:40 - [MESSAGE][PASSED] - Keys 'welcome' sent to object: 'Object Repository/Bugzilla/LoginPage/PasswordTxtBox'

2017-12-09 12:18:41 - [MESSAGE][PASSED] - Object: 'Object Repository/Bugzilla/LoginPage/LoginBtn' is clicked on

2017-12-09 12:18:42 - [MESSAGE][PASSED] - Delayed 1 second(s)

2017-12-09 12:18:42 - [MESSAGE][PASSED] - com.helper.login.LoginHelper.loginIntoApplicationWith is PASSED

2017-12-09 12:18:42 - [MESSAGE][PASSED] - Method 'SetUp' complete successfully

2017-12-09 12:18:42 - [TEST_STEP][PASSED] - waitForElementVisible: Object 'Object Repository/Bugzilla/EnterBug/TestngProductLink' is visible

2017-12-09 12:18:42 - [MESSAGE][PASSED] - Object 'Object Repository/Bugzilla/EnterBug/TestngProductLink' is visible

2017-12-09 12:18:42 - [TEST_STEP][PASSED] - click: Object: 'Object Repository/Bugzilla/EnterBug/TestngProductLink' is clicked on

2017-12-09 12:18:44 - [MESSAGE][PASSED] - Object: 'Object Repository/Bugzilla/EnterBug/TestngProductLink' is clicked on

2017-12-09 12:18:44 - [TEST_STEP][PASSED] - waitForElementVisible: Object 'Object Repository/Bugzilla/EnterBugDetailScreen/Component' is visible

2017-12-09 12:18:44 - [MESSAGE][PASSED] - Object 'Object Repository/Bugzilla/EnterBugDetailScreen/Component' is visible

2017-12-09 12:18:44 - [TEST_STEP][PASSED] - selectOptionByValue: All options with value 'Test methods' are selected in object 'Object Repository/Bugzilla/EnterBugDetailScreen/Component' 

2017-12-09 12:18:44 - [MESSAGE][PASSED] - All options with value 'Test methods' are selected in object 'Object Repository/Bugzilla/EnterBugDetailScreen/Component' 

2017-12-09 12:18:44 - [TEST_STEP][PASSED] - selectOptionByValue: All options with value '6.9.13.4' are selected in object 'Object Repository/Bugzilla/EnterBugDetailScreen/Version' 

2017-12-09 12:18:44 - [MESSAGE][PASSED] - All options with value '6.9.13.4' are selected in object 'Object Repository/Bugzilla/EnterBugDetailScreen/Version' 

2017-12-09 12:18:44 - [TEST_STEP][PASSED] - selectOptionByValue: All options with value 'blocker' are selected in object 'Object Repository/Bugzilla/EnterBugDetailScreen/Severity' 

2017-12-09 12:18:44 - [MESSAGE][PASSED] - All options with value 'blocker' are selected in object 'Object Repository/Bugzilla/EnterBugDetailScreen/Severity' 

2017-12-09 12:18:44 - [TEST_STEP][PASSED] - selectOptionByValue: All options with value 'Macintosh' are selected in object 'Object Repository/Bugzilla/EnterBugDetailScreen/Hardware' 

2017-12-09 12:18:44 - [MESSAGE][PASSED] - All options with value 'Macintosh' are selected in object 'Object Repository/Bugzilla/EnterBugDetailScreen/Hardware' 

2017-12-09 12:18:44 - [TEST_STEP][PASSED] - selectOptionByValue: All options with value 'Windows' are selected in object 'Object Repository/Bugzilla/EnterBugDetailScreen/Os' 

2017-12-09 12:18:45 - [MESSAGE][PASSED] - All options with value 'Windows' are selected in object 'Object Repository/Bugzilla/EnterBugDetailScreen/Os' 

2017-12-09 12:18:45 - [TEST_STEP][PASSED] - sendKeys: Keys 'Data Driven Test summary Four' sent to object: 'Object Repository/Bugzilla/EnterBugDetailScreen/Summary'

2017-12-09 12:18:45 - [MESSAGE][PASSED] - Keys 'Data Driven Test summary Four' sent to object: 'Object Repository/Bugzilla/EnterBugDetailScreen/Summary'

2017-12-09 12:18:45 - [TEST_STEP][PASSED] - sendKeys: Keys 'Description of Data driven test Four' sent to object: 'Object Repository/Bugzilla/EnterBugDetailScreen/Description'

2017-12-09 12:18:45 - [MESSAGE][PASSED] - Keys 'Description of Data driven test Four' sent to object: 'Object Repository/Bugzilla/EnterBugDetailScreen/Description'

2017-12-09 12:18:45 - [TEST_STEP][PASSED] - click: Object: 'Object Repository/Bugzilla/EnterBugDetailScreen/SubmitBugButton' is clicked on

2017-12-09 12:18:47 - [MESSAGE][PASSED] - Object: 'Object Repository/Bugzilla/EnterBugDetailScreen/SubmitBugButton' is clicked on

2017-12-09 12:18:47 - [TEST_STEP][PASSED] - waitForElementVisible: Object 'Object Repository/Bugzilla/EnterBugDetailScreen/Hardware' is visible

2017-12-09 12:18:47 - [MESSAGE][PASSED] - Object 'Object Repository/Bugzilla/EnterBugDetailScreen/Hardware' is visible

2017-12-09 12:18:47 - [TEST_STEP][PASSED] - verifyTextPresent: Text 'Bug \d+' is present on page  using regular expression

2017-12-09 12:18:47 - [MESSAGE][PASSED] - Text 'Bug \d+' is present on page  using regular expression

2017-12-09 12:18:47 - [TEST_STEP][PASSED] - TearDown: Method 'TearDown' complete successfully

2017-12-09 12:18:47 - [TEST_STEP][PASSED] - com.helper.login.LoginHelper.logoutFromApplication: com.helper.login.LoginHelper.logoutFromApplication is PASSED

2017-12-09 12:18:47 - [MESSAGE][PASSED] - Object 'Object Repository/Bugzilla/HomePage/LogoutBtn' is visible

2017-12-09 12:18:48 - [MESSAGE][PASSED] - Object: 'Object Repository/Bugzilla/HomePage/LogoutBtn' is clicked on

2017-12-09 12:18:48 - [MESSAGE][PASSED] - Object 'Object Repository/Bugzilla/HomePage/FlieBugLink' is visible

2017-12-09 12:18:48 - [MESSAGE][PASSED] - Browser is closed

2017-12-09 12:18:48 - [MESSAGE][PASSED] - com.helper.login.LoginHelper.logoutFromApplication is PASSED

2017-12-09 12:18:48 - [MESSAGE][PASSED] - Method 'TearDown' complete successfully]]></system-out>
         <system-err><![CDATA[]]></system-err>
      </testcase>
      <system-out><![CDATA[2017-12-09 12:17:27 - [TEST_SUITE][PASSED] - DataDrivenTestSuite: Test Cases/DataDriven/TC - MultipleDataSet]]></system-out>
      <system-err><![CDATA[]]></system-err>
   </testsuite>
</testsuites>
