<?xml version="1.0" encoding="UTF-8"?>
<testsuites name="JavaScriptTestSuite" time="19" tests="3" failures="0" errors="0">
   <testsuite name="JavaScriptTestSuite" tests="3" failures="0" errors="0" time="19" timestamp="2017-12-09 23:40:55" hostname="Rahul - Rahul-Dell-PC" id="Test Suites/JavaScriptTestSuite">
      <properties>
         <property name="deviceName" value=""/>
         <property name="devicePlatform" value=""/>
         <property name="logFolder" value="C:\\Users\\Rahul\\Desktop\\Katalon 5\\SeleniumAutomation\\Reports\\JavaScriptTestSuite\\20171209_234052"/>
         <property name="logFiles" value="C:\\Users\\Rahul\\Desktop\\Katalon 5\\SeleniumAutomation\\Reports\\JavaScriptTestSuite\\20171209_234052\\execution0.log"/>
         <property name="attachments" value=""/>
         <property name="hostName" value="Rahul - Rahul-Dell-PC"/>
         <property name="os" value="Windows 10 64bit"/>
         <property name="katalonVersion" value="5.2.0.1"/>
         <property name="browser" value="Chrome 63.0.3239.84"/>
         <property name="hostAddress" value="192.168.1.5"/>
         <property name="sessionId" value="1c2efc740d20b75320478b3182ee313f"/>
         <property name="seleniumVersion" value="3.7.1"/>
         <property name="proxyInformation" value="ProxyInformation{proxyOption=NO_PROXY, proxyServerType=HTTP, password=, proxyServerAddress=, proxyServerPort=0}"/>
         <property name="platform" value="Windows 10"/>
      </properties>
      <testcase name="Test Cases/JavaScriptPopup/TC-HandlingJavaScriptAlertScriptMode" classname="Test Cases/JavaScriptPopup/TC-HandlingJavaScriptAlertScriptMode" status="PASSED">
         <system-out><![CDATA[2017-12-09 23:41:02 - [TEST_CASE][PASSED] - Test Cases/JavaScriptPopup/TC-HandlingJavaScriptAlertScriptMode: PASSED

2017-12-09 23:41:02 - [TEST_STEP][NOT_RUN] - openBrowser: NOT_RUN: openBrowser

2017-12-09 23:41:02 - [MESSAGE][NOT_RUN] - NOT_RUN: openBrowser

2017-12-09 23:41:02 - [TEST_STEP][NOT_RUN] - waitForPageLoad: NOT_RUN: waitForPageLoad

2017-12-09 23:41:02 - [MESSAGE][NOT_RUN] - NOT_RUN: waitForPageLoad

2017-12-09 23:41:02 - [TEST_STEP][NOT_RUN] - maximizeWindow: NOT_RUN: maximizeWindow

2017-12-09 23:41:02 - [MESSAGE][NOT_RUN] - NOT_RUN: maximizeWindow

2017-12-09 23:41:02 - [TEST_STEP][PASSED] - click: Object: 'Object Repository/W3School/TryItBtn' is clicked on

2017-12-09 23:41:02 - [MESSAGE][PASSED] - Object: 'Object Repository/W3School/TryItBtn' is clicked on

2017-12-09 23:41:02 - [TEST_STEP][PASSED] - delay: Delayed 2 second(s)

2017-12-09 23:41:04 - [MESSAGE][PASSED] - Delayed 2 second(s)

2017-12-09 23:41:04 - [TEST_STEP][PASSED] - switchToWindowIndex: Switched to window with index: '1'

2017-12-09 23:41:04 - [MESSAGE][PASSED] - Switched to window with index: '1'

2017-12-09 23:41:04 - [TEST_STEP][PASSED] - switchToFrame: Switched to iframe: 'Object Repository/W3School/TryItButtonFrame'

2017-12-09 23:41:05 - [TEST_STEP][PASSED] - click: Object: 'Object Repository/W3School/TryButton' is clicked on

2017-12-09 23:41:06 - [MESSAGE][PASSED] - Object: 'Object Repository/W3School/TryButton' is clicked on

2017-12-09 23:41:06 - [TEST_STEP][PASSED] - waitForAlert: Alert is present after 40 second(s).

2017-12-09 23:41:06 - [MESSAGE][PASSED] - Alert is present after 40 second(s).

2017-12-09 23:41:06 - [TEST_STEP][PASSED] - acceptAlert: Alert accepted

2017-12-09 23:41:06 - [MESSAGE][PASSED] - Alert accepted

2017-12-09 23:41:06 - [TEST_STEP][NOT_RUN] - switchToDefaultContent: NOT_RUN: switchToDefaultContent

2017-12-09 23:41:06 - [MESSAGE][NOT_RUN] - NOT_RUN: switchToDefaultContent

2017-12-09 23:41:06 - [TEST_STEP][NOT_RUN] - closeWindowIndex: NOT_RUN: closeWindowIndex

2017-12-09 23:41:06 - [MESSAGE][NOT_RUN] - NOT_RUN: closeWindowIndex

2017-12-09 23:41:06 - [TEST_STEP][NOT_RUN] - switchToWindowIndex: NOT_RUN: switchToWindowIndex

2017-12-09 23:41:06 - [MESSAGE][NOT_RUN] - NOT_RUN: switchToWindowIndex

2017-12-09 23:41:06 - [TEST_STEP][NOT_RUN] - closeBrowser: NOT_RUN: closeBrowser

2017-12-09 23:41:06 - [MESSAGE][NOT_RUN] - NOT_RUN: closeBrowser

2017-12-09 23:41:06 - [TEST_STEP][PASSED] - Start listener action : afterTestCase: PASSED

2017-12-09 23:41:06 - [TEST_STEP][PASSED] - switchToDefaultContent: Switching to default content

2017-12-09 23:41:06 - [TEST_STEP][PASSED] - closeWindowIndex: Window with index 1 is closed

2017-12-09 23:41:06 - [MESSAGE][PASSED] - Window with index 1 is closed

2017-12-09 23:41:06 - [TEST_STEP][PASSED] - switchToWindowIndex: Switched to window with index: '0'

2017-12-09 23:41:06 - [MESSAGE][PASSED] - Switched to window with index: '0'

2017-12-09 23:41:06 - [TEST_STEP][PASSED] - Statement - com.kms.katalon.core.util.KeywordUtil.markWarning(testCase.getTestCaseStatus()): PASSED

2017-12-09 23:41:06 - [MESSAGE][WARNING] - PASSED]]></system-out>
         <system-err><![CDATA[]]></system-err>
      </testcase>
      <testcase name="Test Cases/JavaScriptPopup/TC-HandlingJavaScriptAlertScriptMode" classname="Test Cases/JavaScriptPopup/TC-HandlingJavaScriptAlertScriptMode" status="PASSED">
         <system-out><![CDATA[2017-12-09 23:41:06 - [TEST_CASE][PASSED] - Test Cases/JavaScriptPopup/TC-HandlingJavaScriptAlertScriptMode: PASSED

2017-12-09 23:41:06 - [TEST_STEP][NOT_RUN] - openBrowser: NOT_RUN: openBrowser

2017-12-09 23:41:06 - [MESSAGE][NOT_RUN] - NOT_RUN: openBrowser

2017-12-09 23:41:06 - [TEST_STEP][NOT_RUN] - waitForPageLoad: NOT_RUN: waitForPageLoad

2017-12-09 23:41:06 - [MESSAGE][NOT_RUN] - NOT_RUN: waitForPageLoad

2017-12-09 23:41:06 - [TEST_STEP][NOT_RUN] - maximizeWindow: NOT_RUN: maximizeWindow

2017-12-09 23:41:06 - [MESSAGE][NOT_RUN] - NOT_RUN: maximizeWindow

2017-12-09 23:41:06 - [TEST_STEP][PASSED] - click: Object: 'Object Repository/W3School/TryItBtn' is clicked on

2017-12-09 23:41:06 - [MESSAGE][PASSED] - Object: 'Object Repository/W3School/TryItBtn' is clicked on

2017-12-09 23:41:06 - [TEST_STEP][PASSED] - delay: Delayed 2 second(s)

2017-12-09 23:41:08 - [MESSAGE][PASSED] - Delayed 2 second(s)

2017-12-09 23:41:08 - [TEST_STEP][PASSED] - switchToWindowIndex: Switched to window with index: '1'

2017-12-09 23:41:08 - [MESSAGE][PASSED] - Switched to window with index: '1'

2017-12-09 23:41:08 - [TEST_STEP][PASSED] - switchToFrame: Switched to iframe: 'Object Repository/W3School/TryItButtonFrame'

2017-12-09 23:41:09 - [TEST_STEP][PASSED] - click: Object: 'Object Repository/W3School/TryButton' is clicked on

2017-12-09 23:41:09 - [MESSAGE][PASSED] - Object: 'Object Repository/W3School/TryButton' is clicked on

2017-12-09 23:41:09 - [TEST_STEP][PASSED] - waitForAlert: Alert is present after 40 second(s).

2017-12-09 23:41:09 - [MESSAGE][PASSED] - Alert is present after 40 second(s).

2017-12-09 23:41:09 - [TEST_STEP][PASSED] - acceptAlert: Alert accepted

2017-12-09 23:41:09 - [MESSAGE][PASSED] - Alert accepted

2017-12-09 23:41:09 - [TEST_STEP][NOT_RUN] - switchToDefaultContent: NOT_RUN: switchToDefaultContent

2017-12-09 23:41:09 - [MESSAGE][NOT_RUN] - NOT_RUN: switchToDefaultContent

2017-12-09 23:41:09 - [TEST_STEP][NOT_RUN] - closeWindowIndex: NOT_RUN: closeWindowIndex

2017-12-09 23:41:09 - [MESSAGE][NOT_RUN] - NOT_RUN: closeWindowIndex

2017-12-09 23:41:09 - [TEST_STEP][NOT_RUN] - switchToWindowIndex: NOT_RUN: switchToWindowIndex

2017-12-09 23:41:09 - [MESSAGE][NOT_RUN] - NOT_RUN: switchToWindowIndex

2017-12-09 23:41:09 - [TEST_STEP][NOT_RUN] - closeBrowser: NOT_RUN: closeBrowser

2017-12-09 23:41:09 - [MESSAGE][NOT_RUN] - NOT_RUN: closeBrowser

2017-12-09 23:41:09 - [TEST_STEP][PASSED] - Start listener action : afterTestCase: PASSED

2017-12-09 23:41:09 - [TEST_STEP][PASSED] - switchToDefaultContent: Switching to default content

2017-12-09 23:41:09 - [TEST_STEP][PASSED] - closeWindowIndex: Window with index 1 is closed

2017-12-09 23:41:09 - [MESSAGE][PASSED] - Window with index 1 is closed

2017-12-09 23:41:09 - [TEST_STEP][PASSED] - switchToWindowIndex: Switched to window with index: '0'

2017-12-09 23:41:09 - [MESSAGE][PASSED] - Switched to window with index: '0'

2017-12-09 23:41:09 - [TEST_STEP][PASSED] - Statement - com.kms.katalon.core.util.KeywordUtil.markWarning(testCase.getTestCaseStatus()): PASSED

2017-12-09 23:41:09 - [MESSAGE][WARNING] - PASSED]]></system-out>
         <system-err><![CDATA[]]></system-err>
      </testcase>
      <testcase name="Test Cases/JavaScriptPopup/TC-HandlingJavaScriptConfirmation" classname="Test Cases/JavaScriptPopup/TC-HandlingJavaScriptConfirmation" status="PASSED">
         <system-out><![CDATA[2017-12-09 23:41:09 - [TEST_CASE][PASSED] - Test Cases/JavaScriptPopup/TC-HandlingJavaScriptConfirmation: PASSED

2017-12-09 23:41:10 - [TEST_STEP][NOT_RUN] - openBrowser: NOT_RUN: openBrowser

2017-12-09 23:41:10 - [MESSAGE][NOT_RUN] - NOT_RUN: openBrowser

2017-12-09 23:41:10 - [TEST_STEP][NOT_RUN] - waitForPageLoad: NOT_RUN: waitForPageLoad

2017-12-09 23:41:10 - [MESSAGE][NOT_RUN] - NOT_RUN: waitForPageLoad

2017-12-09 23:41:10 - [TEST_STEP][NOT_RUN] - maximizeWindow: NOT_RUN: maximizeWindow

2017-12-09 23:41:10 - [MESSAGE][NOT_RUN] - NOT_RUN: maximizeWindow

2017-12-09 23:41:10 - [TEST_STEP][PASSED] - click: Object: 'Object Repository/W3School/ConfirmationPopup' is clicked on

2017-12-09 23:41:10 - [MESSAGE][PASSED] - Object: 'Object Repository/W3School/ConfirmationPopup' is clicked on

2017-12-09 23:41:10 - [TEST_STEP][PASSED] - delay: Delayed 2 second(s)

2017-12-09 23:41:12 - [MESSAGE][PASSED] - Delayed 2 second(s)

2017-12-09 23:41:12 - [TEST_STEP][PASSED] - switchToWindowIndex: Switched to window with index: '1'

2017-12-09 23:41:12 - [MESSAGE][PASSED] - Switched to window with index: '1'

2017-12-09 23:41:12 - [TEST_STEP][PASSED] - switchToFrame: Switched to iframe: 'Object Repository/W3School/TryItButtonFrame'

2017-12-09 23:41:13 - [TEST_STEP][PASSED] - click: Object: 'Object Repository/W3School/TryButton' is clicked on

2017-12-09 23:41:13 - [MESSAGE][PASSED] - Object: 'Object Repository/W3School/TryButton' is clicked on

2017-12-09 23:41:13 - [TEST_STEP][PASSED] - waitForAlert: Alert is present after 40 second(s).

2017-12-09 23:41:13 - [MESSAGE][PASSED] - Alert is present after 40 second(s).

2017-12-09 23:41:13 - [TEST_STEP][PASSED] - acceptAlert: Alert accepted

2017-12-09 23:41:13 - [MESSAGE][PASSED] - Alert accepted

2017-12-09 23:41:13 - [TEST_STEP][PASSED] - delay: Delayed 1 second(s)

2017-12-09 23:41:14 - [MESSAGE][PASSED] - Delayed 1 second(s)

2017-12-09 23:41:14 - [TEST_STEP][PASSED] - click: Object: 'Object Repository/W3School/TryButton' is clicked on

2017-12-09 23:41:14 - [MESSAGE][PASSED] - Object: 'Object Repository/W3School/TryButton' is clicked on

2017-12-09 23:41:14 - [TEST_STEP][PASSED] - waitForAlert: Alert is present after 40 second(s).

2017-12-09 23:41:14 - [MESSAGE][PASSED] - Alert is present after 40 second(s).

2017-12-09 23:41:14 - [TEST_STEP][PASSED] - dismissAlert: Alert dismissed

2017-12-09 23:41:14 - [MESSAGE][PASSED] - Alert dismissed

2017-12-09 23:41:14 - [TEST_STEP][NOT_RUN] - switchToDefaultContent: NOT_RUN: switchToDefaultContent

2017-12-09 23:41:14 - [MESSAGE][NOT_RUN] - NOT_RUN: switchToDefaultContent

2017-12-09 23:41:14 - [TEST_STEP][NOT_RUN] - closeWindowIndex: NOT_RUN: closeWindowIndex

2017-12-09 23:41:14 - [MESSAGE][NOT_RUN] - NOT_RUN: closeWindowIndex

2017-12-09 23:41:14 - [TEST_STEP][NOT_RUN] - switchToWindowIndex: NOT_RUN: switchToWindowIndex

2017-12-09 23:41:14 - [MESSAGE][NOT_RUN] - NOT_RUN: switchToWindowIndex

2017-12-09 23:41:14 - [TEST_STEP][NOT_RUN] - closeBrowser: NOT_RUN: closeBrowser

2017-12-09 23:41:14 - [MESSAGE][NOT_RUN] - NOT_RUN: closeBrowser

2017-12-09 23:41:14 - [TEST_STEP][PASSED] - Start listener action : afterTestCase: PASSED

2017-12-09 23:41:14 - [TEST_STEP][PASSED] - switchToDefaultContent: Switching to default content

2017-12-09 23:41:14 - [TEST_STEP][PASSED] - closeWindowIndex: Window with index 1 is closed

2017-12-09 23:41:14 - [MESSAGE][PASSED] - Window with index 1 is closed

2017-12-09 23:41:14 - [TEST_STEP][PASSED] - switchToWindowIndex: Switched to window with index: '0'

2017-12-09 23:41:14 - [MESSAGE][PASSED] - Switched to window with index: '0'

2017-12-09 23:41:14 - [TEST_STEP][PASSED] - Statement - com.kms.katalon.core.util.KeywordUtil.markWarning(testCase.getTestCaseStatus()): PASSED

2017-12-09 23:41:14 - [MESSAGE][WARNING] - PASSED]]></system-out>
         <system-err><![CDATA[]]></system-err>
      </testcase>
      <system-out><![CDATA[2017-12-09 23:40:55 - [TEST_SUITE][PASSED] - JavaScriptTestSuite: PASSED]]></system-out>
      <system-err><![CDATA[]]></system-err>
   </testsuite>
</testsuites>
