<?xml version="1.0" encoding="UTF-8"?>
<testsuites name="JavaScriptTestSuite" time="34" tests="3" failures="0" errors="0">
   <testsuite name="JavaScriptTestSuite" tests="3" failures="0" errors="0" time="34" timestamp="2017-12-09 23:34:31" hostname="Rahul - Rahul-Dell-PC" id="Test Suites/JavaScriptTestSuite">
      <properties>
         <property name="deviceName" value=""/>
         <property name="devicePlatform" value=""/>
         <property name="logFolder" value="C:\\Users\\Rahul\\Desktop\\Katalon 5\\SeleniumAutomation\\Reports\\JavaScriptTestSuite\\20171209_233429"/>
         <property name="logFiles" value="C:\\Users\\Rahul\\Desktop\\Katalon 5\\SeleniumAutomation\\Reports\\JavaScriptTestSuite\\20171209_233429\\execution0.log"/>
         <property name="attachments" value=""/>
         <property name="hostName" value="Rahul - Rahul-Dell-PC"/>
         <property name="os" value="Windows 10 64bit"/>
         <property name="katalonVersion" value="5.2.0.1"/>
         <property name="browser" value="Chrome 63.0.3239.84"/>
         <property name="hostAddress" value="192.168.1.5"/>
         <property name="sessionId" value="e597b24d3775d5598704cf6461b7fd46"/>
         <property name="seleniumVersion" value="3.7.1"/>
         <property name="proxyInformation" value="ProxyInformation{proxyOption=NO_PROXY, proxyServerType=HTTP, password=, proxyServerAddress=, proxyServerPort=0}"/>
         <property name="platform" value="Windows 10"/>
      </properties>
      <testcase name="Test Cases/JavaScriptPopup/TC-HandlingConfirmationPopupScriptMode" classname="Test Cases/JavaScriptPopup/TC-HandlingConfirmationPopupScriptMode" status="PASSED">
         <system-out><![CDATA[2017-12-09 23:34:41 - [TEST_CASE][PASSED] - Test Cases/JavaScriptPopup/TC-HandlingConfirmationPopupScriptMode: Switched to window with index: '0'

2017-12-09 23:34:41 - [TEST_STEP][NOT_RUN] - openBrowser: NOT_RUN: openBrowser

2017-12-09 23:34:41 - [MESSAGE][NOT_RUN] - NOT_RUN: openBrowser

2017-12-09 23:34:41 - [TEST_STEP][NOT_RUN] - waitForPageLoad: NOT_RUN: waitForPageLoad

2017-12-09 23:34:41 - [MESSAGE][NOT_RUN] - NOT_RUN: waitForPageLoad

2017-12-09 23:34:41 - [TEST_STEP][NOT_RUN] - maximizeWindow: NOT_RUN: maximizeWindow

2017-12-09 23:34:41 - [MESSAGE][NOT_RUN] - NOT_RUN: maximizeWindow

2017-12-09 23:34:41 - [TEST_STEP][PASSED] - click: Object: 'Object Repository/W3School/ConfirmationPopup' is clicked on

2017-12-09 23:34:44 - [MESSAGE][PASSED] - Object: 'Object Repository/W3School/ConfirmationPopup' is clicked on

2017-12-09 23:34:44 - [TEST_STEP][PASSED] - delay: Delayed 2 second(s)

2017-12-09 23:34:46 - [MESSAGE][PASSED] - Delayed 2 second(s)

2017-12-09 23:34:46 - [TEST_STEP][PASSED] - switchToWindowIndex: Switched to window with index: '1'

2017-12-09 23:34:46 - [MESSAGE][PASSED] - Switched to window with index: '1'

2017-12-09 23:34:46 - [TEST_STEP][PASSED] - switchToFrame: Switched to iframe: 'Object Repository/W3School/TryItButtonFrame'

2017-12-09 23:34:47 - [TEST_STEP][PASSED] - click: Object: 'Object Repository/W3School/TryButton' is clicked on

2017-12-09 23:34:47 - [MESSAGE][PASSED] - Object: 'Object Repository/W3School/TryButton' is clicked on

2017-12-09 23:34:47 - [TEST_STEP][PASSED] - waitForAlert: Alert is present after 40 second(s).

2017-12-09 23:34:47 - [MESSAGE][PASSED] - Alert is present after 40 second(s).

2017-12-09 23:34:47 - [TEST_STEP][PASSED] - acceptAlert: Alert accepted

2017-12-09 23:34:48 - [MESSAGE][PASSED] - Alert accepted

2017-12-09 23:34:48 - [TEST_STEP][PASSED] - click: Object: 'Object Repository/W3School/TryButton' is clicked on

2017-12-09 23:34:48 - [MESSAGE][PASSED] - Object: 'Object Repository/W3School/TryButton' is clicked on

2017-12-09 23:34:48 - [TEST_STEP][PASSED] - waitForAlert: Alert is present after 40 second(s).

2017-12-09 23:34:48 - [MESSAGE][PASSED] - Alert is present after 40 second(s).

2017-12-09 23:34:48 - [TEST_STEP][PASSED] - Statement - alertText = com.kms.katalon.core.webui.keyword.WebUiBuiltInKeywords.getAlertText(): Get alert text successfully: 'Press a button!'

2017-12-09 23:34:48 - [MESSAGE][PASSED] - Get alert text successfully: 'Press a button!'

2017-12-09 23:34:48 - [TEST_STEP][PASSED] - Statement - println(alertText): null

2017-12-09 23:34:48 - [TEST_STEP][PASSED] - dismissAlert: Alert dismissed

2017-12-09 23:34:48 - [MESSAGE][PASSED] - Alert dismissed

2017-12-09 23:34:48 - [TEST_STEP][NOT_RUN] - switchToDefaultContent: NOT_RUN: switchToDefaultContent

2017-12-09 23:34:48 - [MESSAGE][NOT_RUN] - NOT_RUN: switchToDefaultContent

2017-12-09 23:34:48 - [TEST_STEP][NOT_RUN] - closeWindowIndex: NOT_RUN: closeWindowIndex

2017-12-09 23:34:48 - [MESSAGE][NOT_RUN] - NOT_RUN: closeWindowIndex

2017-12-09 23:34:48 - [TEST_STEP][NOT_RUN] - switchToWindowIndex: NOT_RUN: switchToWindowIndex

2017-12-09 23:34:48 - [MESSAGE][NOT_RUN] - NOT_RUN: switchToWindowIndex

2017-12-09 23:34:48 - [TEST_STEP][NOT_RUN] - closeBrowser: NOT_RUN: closeBrowser

2017-12-09 23:34:48 - [MESSAGE][NOT_RUN] - NOT_RUN: closeBrowser

2017-12-09 23:34:48 - [TEST_STEP][PASSED] - Start listener action : afterTestCase: Switched to window with index: '0'

2017-12-09 23:34:48 - [TEST_STEP][PASSED] - switchToDefaultContent: Switching to default content

2017-12-09 23:34:48 - [TEST_STEP][PASSED] - closeWindowIndex: Window with index 1 is closed

2017-12-09 23:34:48 - [MESSAGE][PASSED] - Window with index 1 is closed

2017-12-09 23:34:48 - [TEST_STEP][PASSED] - switchToWindowIndex: Switched to window with index: '0'

2017-12-09 23:34:48 - [MESSAGE][PASSED] - Switched to window with index: '0']]></system-out>
         <system-err><![CDATA[]]></system-err>
      </testcase>
      <testcase name="Test Cases/JavaScriptPopup/TC-HandlingJavaScriptAlertScriptMode" classname="Test Cases/JavaScriptPopup/TC-HandlingJavaScriptAlertScriptMode" status="PASSED">
         <system-out><![CDATA[2017-12-09 23:34:48 - [TEST_CASE][PASSED] - Test Cases/JavaScriptPopup/TC-HandlingJavaScriptAlertScriptMode: Switched to window with index: '0'

2017-12-09 23:34:48 - [TEST_STEP][PASSED] - openBrowser: Browser is opened with url: 'https://www.w3schools.com/js/js_popup.asp'

2017-12-09 23:34:48 - [MESSAGE][WARNING] - A browser is already opened. Closing browser and opening a new one

2017-12-09 23:34:55 - [MESSAGE][PASSED] - Browser is opened with url: 'https://www.w3schools.com/js/js_popup.asp'

2017-12-09 23:34:55 - [TEST_STEP][PASSED] - waitForPageLoad: Wait for page load successfully

2017-12-09 23:34:55 - [MESSAGE][PASSED] - Wait for page load successfully

2017-12-09 23:34:55 - [TEST_STEP][PASSED] - maximizeWindow: Current window maximized

2017-12-09 23:34:56 - [MESSAGE][PASSED] - Current window maximized

2017-12-09 23:34:56 - [TEST_STEP][PASSED] - click: Object: 'Object Repository/W3School/TryItBtn' is clicked on

2017-12-09 23:34:57 - [MESSAGE][PASSED] - Object: 'Object Repository/W3School/TryItBtn' is clicked on

2017-12-09 23:34:57 - [TEST_STEP][PASSED] - delay: Delayed 2 second(s)

2017-12-09 23:34:59 - [MESSAGE][PASSED] - Delayed 2 second(s)

2017-12-09 23:34:59 - [TEST_STEP][PASSED] - switchToWindowIndex: Switched to window with index: '1'

2017-12-09 23:34:59 - [MESSAGE][PASSED] - Switched to window with index: '1'

2017-12-09 23:34:59 - [TEST_STEP][PASSED] - switchToFrame: Switched to iframe: 'Object Repository/W3School/TryItButtonFrame'

2017-12-09 23:35:00 - [TEST_STEP][PASSED] - click: Object: 'Object Repository/W3School/TryButton' is clicked on

2017-12-09 23:35:00 - [MESSAGE][PASSED] - Object: 'Object Repository/W3School/TryButton' is clicked on

2017-12-09 23:35:00 - [TEST_STEP][PASSED] - waitForAlert: Alert is present after 40 second(s).

2017-12-09 23:35:00 - [MESSAGE][PASSED] - Alert is present after 40 second(s).

2017-12-09 23:35:00 - [TEST_STEP][PASSED] - acceptAlert: Alert accepted

2017-12-09 23:35:00 - [MESSAGE][PASSED] - Alert accepted

2017-12-09 23:35:00 - [TEST_STEP][NOT_RUN] - switchToDefaultContent: NOT_RUN: switchToDefaultContent

2017-12-09 23:35:00 - [MESSAGE][NOT_RUN] - NOT_RUN: switchToDefaultContent

2017-12-09 23:35:00 - [TEST_STEP][NOT_RUN] - closeWindowIndex: NOT_RUN: closeWindowIndex

2017-12-09 23:35:00 - [MESSAGE][NOT_RUN] - NOT_RUN: closeWindowIndex

2017-12-09 23:35:00 - [TEST_STEP][NOT_RUN] - switchToWindowIndex: NOT_RUN: switchToWindowIndex

2017-12-09 23:35:00 - [MESSAGE][NOT_RUN] - NOT_RUN: switchToWindowIndex

2017-12-09 23:35:00 - [TEST_STEP][NOT_RUN] - closeBrowser: NOT_RUN: closeBrowser

2017-12-09 23:35:00 - [MESSAGE][NOT_RUN] - NOT_RUN: closeBrowser

2017-12-09 23:35:00 - [TEST_STEP][PASSED] - Start listener action : afterTestCase: Switched to window with index: '0'

2017-12-09 23:35:00 - [TEST_STEP][PASSED] - switchToDefaultContent: Switching to default content

2017-12-09 23:35:00 - [TEST_STEP][PASSED] - closeWindowIndex: Window with index 1 is closed

2017-12-09 23:35:00 - [MESSAGE][PASSED] - Window with index 1 is closed

2017-12-09 23:35:00 - [TEST_STEP][PASSED] - switchToWindowIndex: Switched to window with index: '0'

2017-12-09 23:35:00 - [MESSAGE][PASSED] - Switched to window with index: '0']]></system-out>
         <system-err><![CDATA[]]></system-err>
      </testcase>
      <testcase name="Test Cases/JavaScriptPopup/TC-HandlingJavaScriptConfirmation" classname="Test Cases/JavaScriptPopup/TC-HandlingJavaScriptConfirmation" status="PASSED">
         <system-out><![CDATA[2017-12-09 23:35:00 - [TEST_CASE][PASSED] - Test Cases/JavaScriptPopup/TC-HandlingJavaScriptConfirmation: Switched to window with index: '0'

2017-12-09 23:35:00 - [TEST_STEP][NOT_RUN] - openBrowser: NOT_RUN: openBrowser

2017-12-09 23:35:00 - [MESSAGE][NOT_RUN] - NOT_RUN: openBrowser

2017-12-09 23:35:00 - [TEST_STEP][NOT_RUN] - waitForPageLoad: NOT_RUN: waitForPageLoad

2017-12-09 23:35:00 - [MESSAGE][NOT_RUN] - NOT_RUN: waitForPageLoad

2017-12-09 23:35:00 - [TEST_STEP][NOT_RUN] - maximizeWindow: NOT_RUN: maximizeWindow

2017-12-09 23:35:00 - [MESSAGE][NOT_RUN] - NOT_RUN: maximizeWindow

2017-12-09 23:35:00 - [TEST_STEP][PASSED] - click: Object: 'Object Repository/W3School/ConfirmationPopup' is clicked on

2017-12-09 23:35:00 - [MESSAGE][PASSED] - Object: 'Object Repository/W3School/ConfirmationPopup' is clicked on

2017-12-09 23:35:00 - [TEST_STEP][PASSED] - delay: Delayed 2 second(s)

2017-12-09 23:35:02 - [MESSAGE][PASSED] - Delayed 2 second(s)

2017-12-09 23:35:02 - [TEST_STEP][PASSED] - switchToWindowIndex: Switched to window with index: '1'

2017-12-09 23:35:02 - [MESSAGE][PASSED] - Switched to window with index: '1'

2017-12-09 23:35:02 - [TEST_STEP][PASSED] - switchToFrame: Switched to iframe: 'Object Repository/W3School/TryItButtonFrame'

2017-12-09 23:35:04 - [TEST_STEP][PASSED] - click: Object: 'Object Repository/W3School/TryButton' is clicked on

2017-12-09 23:35:04 - [MESSAGE][PASSED] - Object: 'Object Repository/W3School/TryButton' is clicked on

2017-12-09 23:35:04 - [TEST_STEP][PASSED] - waitForAlert: Alert is present after 40 second(s).

2017-12-09 23:35:04 - [MESSAGE][PASSED] - Alert is present after 40 second(s).

2017-12-09 23:35:04 - [TEST_STEP][PASSED] - acceptAlert: Alert accepted

2017-12-09 23:35:04 - [MESSAGE][PASSED] - Alert accepted

2017-12-09 23:35:04 - [TEST_STEP][PASSED] - delay: Delayed 1 second(s)

2017-12-09 23:35:05 - [MESSAGE][PASSED] - Delayed 1 second(s)

2017-12-09 23:35:05 - [TEST_STEP][PASSED] - click: Object: 'Object Repository/W3School/TryButton' is clicked on

2017-12-09 23:35:05 - [MESSAGE][PASSED] - Object: 'Object Repository/W3School/TryButton' is clicked on

2017-12-09 23:35:05 - [TEST_STEP][PASSED] - waitForAlert: Alert is present after 40 second(s).

2017-12-09 23:35:05 - [MESSAGE][PASSED] - Alert is present after 40 second(s).

2017-12-09 23:35:05 - [TEST_STEP][PASSED] - dismissAlert: Alert dismissed

2017-12-09 23:35:05 - [MESSAGE][PASSED] - Alert dismissed

2017-12-09 23:35:05 - [TEST_STEP][NOT_RUN] - switchToDefaultContent: NOT_RUN: switchToDefaultContent

2017-12-09 23:35:05 - [MESSAGE][NOT_RUN] - NOT_RUN: switchToDefaultContent

2017-12-09 23:35:05 - [TEST_STEP][NOT_RUN] - closeWindowIndex: NOT_RUN: closeWindowIndex

2017-12-09 23:35:05 - [MESSAGE][NOT_RUN] - NOT_RUN: closeWindowIndex

2017-12-09 23:35:05 - [TEST_STEP][NOT_RUN] - switchToWindowIndex: NOT_RUN: switchToWindowIndex

2017-12-09 23:35:05 - [MESSAGE][NOT_RUN] - NOT_RUN: switchToWindowIndex

2017-12-09 23:35:05 - [TEST_STEP][NOT_RUN] - closeBrowser: NOT_RUN: closeBrowser

2017-12-09 23:35:05 - [MESSAGE][NOT_RUN] - NOT_RUN: closeBrowser

2017-12-09 23:35:05 - [TEST_STEP][PASSED] - Start listener action : afterTestCase: Switched to window with index: '0'

2017-12-09 23:35:05 - [TEST_STEP][PASSED] - switchToDefaultContent: Switching to default content

2017-12-09 23:35:05 - [TEST_STEP][PASSED] - closeWindowIndex: Window with index 1 is closed

2017-12-09 23:35:05 - [MESSAGE][PASSED] - Window with index 1 is closed

2017-12-09 23:35:05 - [TEST_STEP][PASSED] - switchToWindowIndex: Switched to window with index: '0'

2017-12-09 23:35:05 - [MESSAGE][PASSED] - Switched to window with index: '0']]></system-out>
         <system-err><![CDATA[]]></system-err>
      </testcase>
      <system-out><![CDATA[2017-12-09 23:34:31 - [TEST_SUITE][PASSED] - JavaScriptTestSuite: Switched to window with index: '0']]></system-out>
      <system-err><![CDATA[]]></system-err>
   </testsuite>
</testsuites>
