<?xml version="1.0" encoding="UTF-8"?>
<testsuites name="JavaScriptTestSuite" time="21" tests="3" failures="0" errors="0">
   <testsuite name="JavaScriptTestSuite" tests="3" failures="0" errors="0" time="21" timestamp="2017-12-09 23:49:14" hostname="Rahul - Rahul-Dell-PC" id="Test Suites/JavaScriptTestSuite">
      <properties>
         <property name="deviceName" value=""/>
         <property name="devicePlatform" value=""/>
         <property name="logFolder" value="C:\\Users\\Rahul\\Desktop\\Katalon 5\\SeleniumAutomation\\Reports\\JavaScriptTestSuite\\20171209_234911"/>
         <property name="logFiles" value="C:\\Users\\Rahul\\Desktop\\Katalon 5\\SeleniumAutomation\\Reports\\JavaScriptTestSuite\\20171209_234911\\execution0.log"/>
         <property name="attachments" value=""/>
         <property name="hostName" value="Rahul - Rahul-Dell-PC"/>
         <property name="os" value="Windows 10 64bit"/>
         <property name="katalonVersion" value="5.2.0.1"/>
         <property name="browser" value="Chrome 63.0.3239.84"/>
         <property name="hostAddress" value="192.168.1.5"/>
         <property name="sessionId" value="4f392446fb2d340f86160f54575cd0ee"/>
         <property name="seleniumVersion" value="3.7.1"/>
         <property name="proxyInformation" value="ProxyInformation{proxyOption=NO_PROXY, proxyServerType=HTTP, password=, proxyServerAddress=, proxyServerPort=0}"/>
         <property name="platform" value="Windows 10"/>
      </properties>
      <testcase name="Test Cases/JavaScriptPopup/TC-HandlingJavaScriptAlertScriptMode" classname="Test Cases/JavaScriptPopup/TC-HandlingJavaScriptAlertScriptMode" status="PASSED">
         <system-out><![CDATA[2017-12-09 23:49:22 - [TEST_CASE][PASSED] - Test Cases/JavaScriptPopup/TC-HandlingJavaScriptAlertScriptMode: Test Case Status : PASSED

2017-12-09 23:49:22 - [TEST_STEP][NOT_RUN] - openBrowser: NOT_RUN: openBrowser

2017-12-09 23:49:22 - [MESSAGE][NOT_RUN] - NOT_RUN: openBrowser

2017-12-09 23:49:22 - [TEST_STEP][NOT_RUN] - waitForPageLoad: NOT_RUN: waitForPageLoad

2017-12-09 23:49:22 - [MESSAGE][NOT_RUN] - NOT_RUN: waitForPageLoad

2017-12-09 23:49:22 - [TEST_STEP][NOT_RUN] - maximizeWindow: NOT_RUN: maximizeWindow

2017-12-09 23:49:22 - [MESSAGE][NOT_RUN] - NOT_RUN: maximizeWindow

2017-12-09 23:49:22 - [TEST_STEP][PASSED] - click: Object: 'Object Repository/W3School/TryItBtn' is clicked on

2017-12-09 23:49:23 - [MESSAGE][PASSED] - Object: 'Object Repository/W3School/TryItBtn' is clicked on

2017-12-09 23:49:23 - [TEST_STEP][PASSED] - delay: Delayed 2 second(s)

2017-12-09 23:49:25 - [MESSAGE][PASSED] - Delayed 2 second(s)

2017-12-09 23:49:25 - [TEST_STEP][PASSED] - switchToWindowIndex: Switched to window with index: '1'

2017-12-09 23:49:25 - [MESSAGE][PASSED] - Switched to window with index: '1'

2017-12-09 23:49:25 - [TEST_STEP][PASSED] - switchToFrame: Switched to iframe: 'Object Repository/W3School/TryItButtonFrame'

2017-12-09 23:49:26 - [TEST_STEP][PASSED] - click: Object: 'Object Repository/W3School/TryButton' is clicked on

2017-12-09 23:49:26 - [MESSAGE][PASSED] - Object: 'Object Repository/W3School/TryButton' is clicked on

2017-12-09 23:49:26 - [TEST_STEP][PASSED] - waitForAlert: Alert is present after 40 second(s).

2017-12-09 23:49:26 - [MESSAGE][PASSED] - Alert is present after 40 second(s).

2017-12-09 23:49:26 - [TEST_STEP][PASSED] - acceptAlert: Alert accepted

2017-12-09 23:49:26 - [MESSAGE][PASSED] - Alert accepted

2017-12-09 23:49:26 - [TEST_STEP][NOT_RUN] - switchToDefaultContent: NOT_RUN: switchToDefaultContent

2017-12-09 23:49:26 - [MESSAGE][NOT_RUN] - NOT_RUN: switchToDefaultContent

2017-12-09 23:49:26 - [TEST_STEP][NOT_RUN] - closeWindowIndex: NOT_RUN: closeWindowIndex

2017-12-09 23:49:26 - [MESSAGE][NOT_RUN] - NOT_RUN: closeWindowIndex

2017-12-09 23:49:26 - [TEST_STEP][NOT_RUN] - switchToWindowIndex: NOT_RUN: switchToWindowIndex

2017-12-09 23:49:26 - [MESSAGE][NOT_RUN] - NOT_RUN: switchToWindowIndex

2017-12-09 23:49:26 - [TEST_STEP][NOT_RUN] - closeBrowser: NOT_RUN: closeBrowser

2017-12-09 23:49:26 - [MESSAGE][NOT_RUN] - NOT_RUN: closeBrowser

2017-12-09 23:49:26 - [TEST_STEP][PASSED] - Start listener action : afterTestCase: Test Case Status : PASSED

2017-12-09 23:49:26 - [TEST_STEP][PASSED] - switchToDefaultContent: Switching to default content

2017-12-09 23:49:26 - [TEST_STEP][PASSED] - closeWindowIndex: Window with index 1 is closed

2017-12-09 23:49:26 - [MESSAGE][PASSED] - Window with index 1 is closed

2017-12-09 23:49:26 - [TEST_STEP][PASSED] - switchToWindowIndex: Switched to window with index: '0'

2017-12-09 23:49:26 - [MESSAGE][PASSED] - Switched to window with index: '0'

2017-12-09 23:49:26 - [TEST_STEP][PASSED] - Statement - com.kms.katalon.core.util.KeywordUtil.markWarning("Test Case Name : " + testCase.getTestCaseId()): Test Case Name : Test Cases/JavaScriptPopup/TC-HandlingJavaScriptAlertScriptMode

2017-12-09 23:49:26 - [MESSAGE][WARNING] - Test Case Name : Test Cases/JavaScriptPopup/TC-HandlingJavaScriptAlertScriptMode

2017-12-09 23:49:26 - [TEST_STEP][PASSED] - Statement - com.kms.katalon.core.util.KeywordUtil.markWarning("Test Case Status : " + testCase.getTestCaseStatus()): Test Case Status : PASSED

2017-12-09 23:49:26 - [MESSAGE][WARNING] - Test Case Status : PASSED]]></system-out>
         <system-err><![CDATA[]]></system-err>
      </testcase>
      <testcase name="Test Cases/JavaScriptPopup/TC-HandlingJavaScriptAlertScriptMode" classname="Test Cases/JavaScriptPopup/TC-HandlingJavaScriptAlertScriptMode" status="PASSED">
         <system-out><![CDATA[2017-12-09 23:49:26 - [TEST_CASE][PASSED] - Test Cases/JavaScriptPopup/TC-HandlingJavaScriptAlertScriptMode: Test Case Status : PASSED

2017-12-09 23:49:26 - [TEST_STEP][NOT_RUN] - openBrowser: NOT_RUN: openBrowser

2017-12-09 23:49:26 - [MESSAGE][NOT_RUN] - NOT_RUN: openBrowser

2017-12-09 23:49:26 - [TEST_STEP][NOT_RUN] - waitForPageLoad: NOT_RUN: waitForPageLoad

2017-12-09 23:49:26 - [MESSAGE][NOT_RUN] - NOT_RUN: waitForPageLoad

2017-12-09 23:49:26 - [TEST_STEP][NOT_RUN] - maximizeWindow: NOT_RUN: maximizeWindow

2017-12-09 23:49:26 - [MESSAGE][NOT_RUN] - NOT_RUN: maximizeWindow

2017-12-09 23:49:26 - [TEST_STEP][PASSED] - click: Object: 'Object Repository/W3School/TryItBtn' is clicked on

2017-12-09 23:49:26 - [MESSAGE][PASSED] - Object: 'Object Repository/W3School/TryItBtn' is clicked on

2017-12-09 23:49:26 - [TEST_STEP][PASSED] - delay: Delayed 2 second(s)

2017-12-09 23:49:28 - [MESSAGE][PASSED] - Delayed 2 second(s)

2017-12-09 23:49:28 - [TEST_STEP][PASSED] - switchToWindowIndex: Switched to window with index: '1'

2017-12-09 23:49:28 - [MESSAGE][PASSED] - Switched to window with index: '1'

2017-12-09 23:49:28 - [TEST_STEP][PASSED] - switchToFrame: Switched to iframe: 'Object Repository/W3School/TryItButtonFrame'

2017-12-09 23:49:29 - [TEST_STEP][PASSED] - click: Object: 'Object Repository/W3School/TryButton' is clicked on

2017-12-09 23:49:29 - [MESSAGE][PASSED] - Object: 'Object Repository/W3School/TryButton' is clicked on

2017-12-09 23:49:29 - [TEST_STEP][PASSED] - waitForAlert: Alert is present after 40 second(s).

2017-12-09 23:49:29 - [MESSAGE][PASSED] - Alert is present after 40 second(s).

2017-12-09 23:49:29 - [TEST_STEP][PASSED] - acceptAlert: Alert accepted

2017-12-09 23:49:29 - [MESSAGE][PASSED] - Alert accepted

2017-12-09 23:49:29 - [TEST_STEP][NOT_RUN] - switchToDefaultContent: NOT_RUN: switchToDefaultContent

2017-12-09 23:49:29 - [MESSAGE][NOT_RUN] - NOT_RUN: switchToDefaultContent

2017-12-09 23:49:29 - [TEST_STEP][NOT_RUN] - closeWindowIndex: NOT_RUN: closeWindowIndex

2017-12-09 23:49:29 - [MESSAGE][NOT_RUN] - NOT_RUN: closeWindowIndex

2017-12-09 23:49:29 - [TEST_STEP][NOT_RUN] - switchToWindowIndex: NOT_RUN: switchToWindowIndex

2017-12-09 23:49:29 - [MESSAGE][NOT_RUN] - NOT_RUN: switchToWindowIndex

2017-12-09 23:49:29 - [TEST_STEP][NOT_RUN] - closeBrowser: NOT_RUN: closeBrowser

2017-12-09 23:49:29 - [MESSAGE][NOT_RUN] - NOT_RUN: closeBrowser

2017-12-09 23:49:29 - [TEST_STEP][PASSED] - Start listener action : afterTestCase: Test Case Status : PASSED

2017-12-09 23:49:29 - [TEST_STEP][PASSED] - switchToDefaultContent: Switching to default content

2017-12-09 23:49:29 - [TEST_STEP][PASSED] - closeWindowIndex: Window with index 1 is closed

2017-12-09 23:49:30 - [MESSAGE][PASSED] - Window with index 1 is closed

2017-12-09 23:49:30 - [TEST_STEP][PASSED] - switchToWindowIndex: Switched to window with index: '0'

2017-12-09 23:49:30 - [MESSAGE][PASSED] - Switched to window with index: '0'

2017-12-09 23:49:30 - [TEST_STEP][PASSED] - Statement - com.kms.katalon.core.util.KeywordUtil.markWarning("Test Case Name : " + testCase.getTestCaseId()): Test Case Name : Test Cases/JavaScriptPopup/TC-HandlingJavaScriptAlertScriptMode

2017-12-09 23:49:30 - [MESSAGE][WARNING] - Test Case Name : Test Cases/JavaScriptPopup/TC-HandlingJavaScriptAlertScriptMode

2017-12-09 23:49:30 - [TEST_STEP][PASSED] - Statement - com.kms.katalon.core.util.KeywordUtil.markWarning("Test Case Status : " + testCase.getTestCaseStatus()): Test Case Status : PASSED

2017-12-09 23:49:30 - [MESSAGE][WARNING] - Test Case Status : PASSED]]></system-out>
         <system-err><![CDATA[]]></system-err>
      </testcase>
      <testcase name="Test Cases/JavaScriptPopup/TC-HandlingJavaScriptConfirmation" classname="Test Cases/JavaScriptPopup/TC-HandlingJavaScriptConfirmation" status="PASSED">
         <system-out><![CDATA[2017-12-09 23:49:30 - [TEST_CASE][PASSED] - Test Cases/JavaScriptPopup/TC-HandlingJavaScriptConfirmation: Test Case Status : PASSED

2017-12-09 23:49:30 - [TEST_STEP][NOT_RUN] - openBrowser: NOT_RUN: openBrowser

2017-12-09 23:49:30 - [MESSAGE][NOT_RUN] - NOT_RUN: openBrowser

2017-12-09 23:49:30 - [TEST_STEP][NOT_RUN] - waitForPageLoad: NOT_RUN: waitForPageLoad

2017-12-09 23:49:30 - [MESSAGE][NOT_RUN] - NOT_RUN: waitForPageLoad

2017-12-09 23:49:30 - [TEST_STEP][NOT_RUN] - maximizeWindow: NOT_RUN: maximizeWindow

2017-12-09 23:49:30 - [MESSAGE][NOT_RUN] - NOT_RUN: maximizeWindow

2017-12-09 23:49:30 - [TEST_STEP][PASSED] - click: Object: 'Object Repository/W3School/ConfirmationPopup' is clicked on

2017-12-09 23:49:30 - [MESSAGE][PASSED] - Object: 'Object Repository/W3School/ConfirmationPopup' is clicked on

2017-12-09 23:49:30 - [TEST_STEP][PASSED] - delay: Delayed 2 second(s)

2017-12-09 23:49:32 - [MESSAGE][PASSED] - Delayed 2 second(s)

2017-12-09 23:49:32 - [TEST_STEP][PASSED] - switchToWindowIndex: Switched to window with index: '1'

2017-12-09 23:49:32 - [MESSAGE][PASSED] - Switched to window with index: '1'

2017-12-09 23:49:32 - [TEST_STEP][PASSED] - switchToFrame: Switched to iframe: 'Object Repository/W3School/TryItButtonFrame'

2017-12-09 23:49:33 - [TEST_STEP][PASSED] - click: Object: 'Object Repository/W3School/TryButton' is clicked on

2017-12-09 23:49:33 - [MESSAGE][PASSED] - Object: 'Object Repository/W3School/TryButton' is clicked on

2017-12-09 23:49:33 - [TEST_STEP][PASSED] - waitForAlert: Alert is present after 40 second(s).

2017-12-09 23:49:33 - [MESSAGE][PASSED] - Alert is present after 40 second(s).

2017-12-09 23:49:33 - [TEST_STEP][PASSED] - acceptAlert: Alert accepted

2017-12-09 23:49:33 - [MESSAGE][PASSED] - Alert accepted

2017-12-09 23:49:33 - [TEST_STEP][PASSED] - delay: Delayed 1 second(s)

2017-12-09 23:49:34 - [MESSAGE][PASSED] - Delayed 1 second(s)

2017-12-09 23:49:34 - [TEST_STEP][PASSED] - click: Object: 'Object Repository/W3School/TryButton' is clicked on

2017-12-09 23:49:34 - [MESSAGE][PASSED] - Object: 'Object Repository/W3School/TryButton' is clicked on

2017-12-09 23:49:34 - [TEST_STEP][PASSED] - waitForAlert: Alert is present after 40 second(s).

2017-12-09 23:49:34 - [MESSAGE][PASSED] - Alert is present after 40 second(s).

2017-12-09 23:49:34 - [TEST_STEP][PASSED] - dismissAlert: Alert dismissed

2017-12-09 23:49:34 - [MESSAGE][PASSED] - Alert dismissed

2017-12-09 23:49:34 - [TEST_STEP][NOT_RUN] - switchToDefaultContent: NOT_RUN: switchToDefaultContent

2017-12-09 23:49:34 - [MESSAGE][NOT_RUN] - NOT_RUN: switchToDefaultContent

2017-12-09 23:49:34 - [TEST_STEP][NOT_RUN] - closeWindowIndex: NOT_RUN: closeWindowIndex

2017-12-09 23:49:34 - [MESSAGE][NOT_RUN] - NOT_RUN: closeWindowIndex

2017-12-09 23:49:34 - [TEST_STEP][NOT_RUN] - switchToWindowIndex: NOT_RUN: switchToWindowIndex

2017-12-09 23:49:34 - [MESSAGE][NOT_RUN] - NOT_RUN: switchToWindowIndex

2017-12-09 23:49:34 - [TEST_STEP][NOT_RUN] - closeBrowser: NOT_RUN: closeBrowser

2017-12-09 23:49:34 - [MESSAGE][NOT_RUN] - NOT_RUN: closeBrowser

2017-12-09 23:49:34 - [TEST_STEP][PASSED] - Start listener action : afterTestCase: Test Case Status : PASSED

2017-12-09 23:49:34 - [TEST_STEP][PASSED] - switchToDefaultContent: Switching to default content

2017-12-09 23:49:35 - [TEST_STEP][PASSED] - closeWindowIndex: Window with index 1 is closed

2017-12-09 23:49:35 - [MESSAGE][PASSED] - Window with index 1 is closed

2017-12-09 23:49:35 - [TEST_STEP][PASSED] - switchToWindowIndex: Switched to window with index: '0'

2017-12-09 23:49:35 - [MESSAGE][PASSED] - Switched to window with index: '0'

2017-12-09 23:49:35 - [TEST_STEP][PASSED] - Statement - com.kms.katalon.core.util.KeywordUtil.markWarning("Test Case Name : " + testCase.getTestCaseId()): Test Case Name : Test Cases/JavaScriptPopup/TC-HandlingJavaScriptConfirmation

2017-12-09 23:49:35 - [MESSAGE][WARNING] - Test Case Name : Test Cases/JavaScriptPopup/TC-HandlingJavaScriptConfirmation

2017-12-09 23:49:35 - [TEST_STEP][PASSED] - Statement - com.kms.katalon.core.util.KeywordUtil.markWarning("Test Case Status : " + testCase.getTestCaseStatus()): Test Case Status : PASSED

2017-12-09 23:49:35 - [MESSAGE][WARNING] - Test Case Status : PASSED]]></system-out>
         <system-err><![CDATA[]]></system-err>
      </testcase>
      <system-out><![CDATA[2017-12-09 23:49:14 - [TEST_SUITE][PASSED] - JavaScriptTestSuite: Test Case Status : PASSED]]></system-out>
      <system-err><![CDATA[]]></system-err>
   </testsuite>
</testsuites>
