<?xml version="1.0" encoding="UTF-8"?>
<testsuites name="JavaScriptTestSuite" time="20" tests="3" failures="0" errors="0">
   <testsuite name="JavaScriptTestSuite" tests="3" failures="0" errors="0" time="20" timestamp="2017-12-09 23:35:32" hostname="Rahul - Rahul-Dell-PC" id="Test Suites/JavaScriptTestSuite">
      <properties>
         <property name="deviceName" value=""/>
         <property name="devicePlatform" value=""/>
         <property name="logFolder" value="C:\\Users\\Rahul\\Desktop\\Katalon 5\\SeleniumAutomation\\Reports\\JavaScriptTestSuite\\20171209_233529"/>
         <property name="logFiles" value="C:\\Users\\Rahul\\Desktop\\Katalon 5\\SeleniumAutomation\\Reports\\JavaScriptTestSuite\\20171209_233529\\execution0.log"/>
         <property name="attachments" value=""/>
         <property name="hostName" value="Rahul - Rahul-Dell-PC"/>
         <property name="os" value="Windows 10 64bit"/>
         <property name="katalonVersion" value="5.2.0.1"/>
         <property name="browser" value="Chrome 63.0.3239.84"/>
         <property name="hostAddress" value="192.168.1.5"/>
         <property name="sessionId" value="61e0948c418151fddf925fec5bf9bf14"/>
         <property name="seleniumVersion" value="3.7.1"/>
         <property name="proxyInformation" value="ProxyInformation{proxyOption=NO_PROXY, proxyServerType=HTTP, password=, proxyServerAddress=, proxyServerPort=0}"/>
         <property name="platform" value="Windows 10"/>
      </properties>
      <testcase name="Test Cases/JavaScriptPopup/TC-HandlingJavaScriptAlertScriptMode" classname="Test Cases/JavaScriptPopup/TC-HandlingJavaScriptAlertScriptMode" status="PASSED">
         <system-out><![CDATA[2017-12-09 23:35:39 - [TEST_CASE][PASSED] - Test Cases/JavaScriptPopup/TC-HandlingJavaScriptAlertScriptMode: Switched to window with index: '0'

2017-12-09 23:35:40 - [TEST_STEP][NOT_RUN] - openBrowser: NOT_RUN: openBrowser

2017-12-09 23:35:40 - [MESSAGE][NOT_RUN] - NOT_RUN: openBrowser

2017-12-09 23:35:40 - [TEST_STEP][NOT_RUN] - waitForPageLoad: NOT_RUN: waitForPageLoad

2017-12-09 23:35:40 - [MESSAGE][NOT_RUN] - NOT_RUN: waitForPageLoad

2017-12-09 23:35:40 - [TEST_STEP][NOT_RUN] - maximizeWindow: NOT_RUN: maximizeWindow

2017-12-09 23:35:40 - [MESSAGE][NOT_RUN] - NOT_RUN: maximizeWindow

2017-12-09 23:35:40 - [TEST_STEP][PASSED] - click: Object: 'Object Repository/W3School/TryItBtn' is clicked on

2017-12-09 23:35:40 - [MESSAGE][PASSED] - Object: 'Object Repository/W3School/TryItBtn' is clicked on

2017-12-09 23:35:40 - [TEST_STEP][PASSED] - delay: Delayed 2 second(s)

2017-12-09 23:35:42 - [MESSAGE][PASSED] - Delayed 2 second(s)

2017-12-09 23:35:42 - [TEST_STEP][PASSED] - switchToWindowIndex: Switched to window with index: '1'

2017-12-09 23:35:42 - [MESSAGE][PASSED] - Switched to window with index: '1'

2017-12-09 23:35:42 - [TEST_STEP][PASSED] - switchToFrame: Switched to iframe: 'Object Repository/W3School/TryItButtonFrame'

2017-12-09 23:35:43 - [TEST_STEP][PASSED] - click: Object: 'Object Repository/W3School/TryButton' is clicked on

2017-12-09 23:35:43 - [MESSAGE][PASSED] - Object: 'Object Repository/W3School/TryButton' is clicked on

2017-12-09 23:35:43 - [TEST_STEP][PASSED] - waitForAlert: Alert is present after 40 second(s).

2017-12-09 23:35:43 - [MESSAGE][PASSED] - Alert is present after 40 second(s).

2017-12-09 23:35:43 - [TEST_STEP][PASSED] - acceptAlert: Alert accepted

2017-12-09 23:35:43 - [MESSAGE][PASSED] - Alert accepted

2017-12-09 23:35:43 - [TEST_STEP][NOT_RUN] - switchToDefaultContent: NOT_RUN: switchToDefaultContent

2017-12-09 23:35:43 - [MESSAGE][NOT_RUN] - NOT_RUN: switchToDefaultContent

2017-12-09 23:35:43 - [TEST_STEP][NOT_RUN] - closeWindowIndex: NOT_RUN: closeWindowIndex

2017-12-09 23:35:43 - [MESSAGE][NOT_RUN] - NOT_RUN: closeWindowIndex

2017-12-09 23:35:43 - [TEST_STEP][NOT_RUN] - switchToWindowIndex: NOT_RUN: switchToWindowIndex

2017-12-09 23:35:43 - [MESSAGE][NOT_RUN] - NOT_RUN: switchToWindowIndex

2017-12-09 23:35:43 - [TEST_STEP][NOT_RUN] - closeBrowser: NOT_RUN: closeBrowser

2017-12-09 23:35:43 - [MESSAGE][NOT_RUN] - NOT_RUN: closeBrowser

2017-12-09 23:35:43 - [TEST_STEP][PASSED] - Start listener action : afterTestCase: Switched to window with index: '0'

2017-12-09 23:35:43 - [TEST_STEP][PASSED] - switchToDefaultContent: Switching to default content

2017-12-09 23:35:43 - [TEST_STEP][PASSED] - closeWindowIndex: Window with index 1 is closed

2017-12-09 23:35:43 - [MESSAGE][PASSED] - Window with index 1 is closed

2017-12-09 23:35:43 - [TEST_STEP][PASSED] - switchToWindowIndex: Switched to window with index: '0'

2017-12-09 23:35:43 - [MESSAGE][PASSED] - Switched to window with index: '0']]></system-out>
         <system-err><![CDATA[]]></system-err>
      </testcase>
      <testcase name="Test Cases/JavaScriptPopup/TC-HandlingJavaScriptAlertScriptMode" classname="Test Cases/JavaScriptPopup/TC-HandlingJavaScriptAlertScriptMode" status="PASSED">
         <system-out><![CDATA[2017-12-09 23:35:43 - [TEST_CASE][PASSED] - Test Cases/JavaScriptPopup/TC-HandlingJavaScriptAlertScriptMode: Switched to window with index: '0'

2017-12-09 23:35:43 - [TEST_STEP][NOT_RUN] - openBrowser: NOT_RUN: openBrowser

2017-12-09 23:35:43 - [MESSAGE][NOT_RUN] - NOT_RUN: openBrowser

2017-12-09 23:35:43 - [TEST_STEP][NOT_RUN] - waitForPageLoad: NOT_RUN: waitForPageLoad

2017-12-09 23:35:43 - [MESSAGE][NOT_RUN] - NOT_RUN: waitForPageLoad

2017-12-09 23:35:43 - [TEST_STEP][NOT_RUN] - maximizeWindow: NOT_RUN: maximizeWindow

2017-12-09 23:35:43 - [MESSAGE][NOT_RUN] - NOT_RUN: maximizeWindow

2017-12-09 23:35:43 - [TEST_STEP][PASSED] - click: Object: 'Object Repository/W3School/TryItBtn' is clicked on

2017-12-09 23:35:43 - [MESSAGE][PASSED] - Object: 'Object Repository/W3School/TryItBtn' is clicked on

2017-12-09 23:35:43 - [TEST_STEP][PASSED] - delay: Delayed 2 second(s)

2017-12-09 23:35:45 - [MESSAGE][PASSED] - Delayed 2 second(s)

2017-12-09 23:35:45 - [TEST_STEP][PASSED] - switchToWindowIndex: Switched to window with index: '1'

2017-12-09 23:35:45 - [MESSAGE][PASSED] - Switched to window with index: '1'

2017-12-09 23:35:45 - [TEST_STEP][PASSED] - switchToFrame: Switched to iframe: 'Object Repository/W3School/TryItButtonFrame'

2017-12-09 23:35:46 - [TEST_STEP][PASSED] - click: Object: 'Object Repository/W3School/TryButton' is clicked on

2017-12-09 23:35:47 - [MESSAGE][PASSED] - Object: 'Object Repository/W3School/TryButton' is clicked on

2017-12-09 23:35:47 - [TEST_STEP][PASSED] - waitForAlert: Alert is present after 40 second(s).

2017-12-09 23:35:47 - [MESSAGE][PASSED] - Alert is present after 40 second(s).

2017-12-09 23:35:47 - [TEST_STEP][PASSED] - acceptAlert: Alert accepted

2017-12-09 23:35:47 - [MESSAGE][PASSED] - Alert accepted

2017-12-09 23:35:47 - [TEST_STEP][NOT_RUN] - switchToDefaultContent: NOT_RUN: switchToDefaultContent

2017-12-09 23:35:47 - [MESSAGE][NOT_RUN] - NOT_RUN: switchToDefaultContent

2017-12-09 23:35:47 - [TEST_STEP][NOT_RUN] - closeWindowIndex: NOT_RUN: closeWindowIndex

2017-12-09 23:35:47 - [MESSAGE][NOT_RUN] - NOT_RUN: closeWindowIndex

2017-12-09 23:35:47 - [TEST_STEP][NOT_RUN] - switchToWindowIndex: NOT_RUN: switchToWindowIndex

2017-12-09 23:35:47 - [MESSAGE][NOT_RUN] - NOT_RUN: switchToWindowIndex

2017-12-09 23:35:47 - [TEST_STEP][NOT_RUN] - closeBrowser: NOT_RUN: closeBrowser

2017-12-09 23:35:47 - [MESSAGE][NOT_RUN] - NOT_RUN: closeBrowser

2017-12-09 23:35:47 - [TEST_STEP][PASSED] - Start listener action : afterTestCase: Switched to window with index: '0'

2017-12-09 23:35:47 - [TEST_STEP][PASSED] - switchToDefaultContent: Switching to default content

2017-12-09 23:35:47 - [TEST_STEP][PASSED] - closeWindowIndex: Window with index 1 is closed

2017-12-09 23:35:47 - [MESSAGE][PASSED] - Window with index 1 is closed

2017-12-09 23:35:47 - [TEST_STEP][PASSED] - switchToWindowIndex: Switched to window with index: '0'

2017-12-09 23:35:47 - [MESSAGE][PASSED] - Switched to window with index: '0']]></system-out>
         <system-err><![CDATA[]]></system-err>
      </testcase>
      <testcase name="Test Cases/JavaScriptPopup/TC-HandlingJavaScriptConfirmation" classname="Test Cases/JavaScriptPopup/TC-HandlingJavaScriptConfirmation" status="PASSED">
         <system-out><![CDATA[2017-12-09 23:35:47 - [TEST_CASE][PASSED] - Test Cases/JavaScriptPopup/TC-HandlingJavaScriptConfirmation: Switched to window with index: '0'

2017-12-09 23:35:47 - [TEST_STEP][NOT_RUN] - openBrowser: NOT_RUN: openBrowser

2017-12-09 23:35:47 - [MESSAGE][NOT_RUN] - NOT_RUN: openBrowser

2017-12-09 23:35:47 - [TEST_STEP][NOT_RUN] - waitForPageLoad: NOT_RUN: waitForPageLoad

2017-12-09 23:35:47 - [MESSAGE][NOT_RUN] - NOT_RUN: waitForPageLoad

2017-12-09 23:35:47 - [TEST_STEP][NOT_RUN] - maximizeWindow: NOT_RUN: maximizeWindow

2017-12-09 23:35:47 - [MESSAGE][NOT_RUN] - NOT_RUN: maximizeWindow

2017-12-09 23:35:47 - [TEST_STEP][PASSED] - click: Object: 'Object Repository/W3School/ConfirmationPopup' is clicked on

2017-12-09 23:35:47 - [MESSAGE][PASSED] - Object: 'Object Repository/W3School/ConfirmationPopup' is clicked on

2017-12-09 23:35:47 - [TEST_STEP][PASSED] - delay: Delayed 2 second(s)

2017-12-09 23:35:49 - [MESSAGE][PASSED] - Delayed 2 second(s)

2017-12-09 23:35:49 - [TEST_STEP][PASSED] - switchToWindowIndex: Switched to window with index: '1'

2017-12-09 23:35:49 - [MESSAGE][PASSED] - Switched to window with index: '1'

2017-12-09 23:35:49 - [TEST_STEP][PASSED] - switchToFrame: Switched to iframe: 'Object Repository/W3School/TryItButtonFrame'

2017-12-09 23:35:50 - [TEST_STEP][PASSED] - click: Object: 'Object Repository/W3School/TryButton' is clicked on

2017-12-09 23:35:50 - [MESSAGE][PASSED] - Object: 'Object Repository/W3School/TryButton' is clicked on

2017-12-09 23:35:50 - [TEST_STEP][PASSED] - waitForAlert: Alert is present after 40 second(s).

2017-12-09 23:35:50 - [MESSAGE][PASSED] - Alert is present after 40 second(s).

2017-12-09 23:35:50 - [TEST_STEP][PASSED] - acceptAlert: Alert accepted

2017-12-09 23:35:50 - [MESSAGE][PASSED] - Alert accepted

2017-12-09 23:35:50 - [TEST_STEP][PASSED] - delay: Delayed 1 second(s)

2017-12-09 23:35:51 - [MESSAGE][PASSED] - Delayed 1 second(s)

2017-12-09 23:35:51 - [TEST_STEP][PASSED] - click: Object: 'Object Repository/W3School/TryButton' is clicked on

2017-12-09 23:35:51 - [MESSAGE][PASSED] - Object: 'Object Repository/W3School/TryButton' is clicked on

2017-12-09 23:35:51 - [TEST_STEP][PASSED] - waitForAlert: Alert is present after 40 second(s).

2017-12-09 23:35:51 - [MESSAGE][PASSED] - Alert is present after 40 second(s).

2017-12-09 23:35:51 - [TEST_STEP][PASSED] - dismissAlert: Alert dismissed

2017-12-09 23:35:51 - [MESSAGE][PASSED] - Alert dismissed

2017-12-09 23:35:51 - [TEST_STEP][NOT_RUN] - switchToDefaultContent: NOT_RUN: switchToDefaultContent

2017-12-09 23:35:51 - [MESSAGE][NOT_RUN] - NOT_RUN: switchToDefaultContent

2017-12-09 23:35:51 - [TEST_STEP][NOT_RUN] - closeWindowIndex: NOT_RUN: closeWindowIndex

2017-12-09 23:35:51 - [MESSAGE][NOT_RUN] - NOT_RUN: closeWindowIndex

2017-12-09 23:35:51 - [TEST_STEP][NOT_RUN] - switchToWindowIndex: NOT_RUN: switchToWindowIndex

2017-12-09 23:35:51 - [MESSAGE][NOT_RUN] - NOT_RUN: switchToWindowIndex

2017-12-09 23:35:51 - [TEST_STEP][NOT_RUN] - closeBrowser: NOT_RUN: closeBrowser

2017-12-09 23:35:51 - [MESSAGE][NOT_RUN] - NOT_RUN: closeBrowser

2017-12-09 23:35:51 - [TEST_STEP][PASSED] - Start listener action : afterTestCase: Switched to window with index: '0'

2017-12-09 23:35:51 - [TEST_STEP][PASSED] - switchToDefaultContent: Switching to default content

2017-12-09 23:35:51 - [TEST_STEP][PASSED] - closeWindowIndex: Window with index 1 is closed

2017-12-09 23:35:51 - [MESSAGE][PASSED] - Window with index 1 is closed

2017-12-09 23:35:51 - [TEST_STEP][PASSED] - switchToWindowIndex: Switched to window with index: '0'

2017-12-09 23:35:51 - [MESSAGE][PASSED] - Switched to window with index: '0']]></system-out>
         <system-err><![CDATA[]]></system-err>
      </testcase>
      <system-out><![CDATA[2017-12-09 23:35:32 - [TEST_SUITE][PASSED] - JavaScriptTestSuite: Switched to window with index: '0']]></system-out>
      <system-err><![CDATA[]]></system-err>
   </testsuite>
</testsuites>
